{"meta": {"format": 3, "version": "7.12.0", "timestamp": "2025-11-22T16:53:19.282101", "branch_coverage": true, "show_contexts": false}, "files": {"src/bloginator/__init__.py": {"executed_lines": [1, 8, 9, 10, 12, 15], "summary": {"covered_lines": 5, "num_statements": 5, "percent_covered": 100.0, "percent_covered_display": "100.00", "missing_lines": 0, "excluded_lines": 0, "percent_statements_covered": 100.0, "percent_statements_covered_display": "100.00", "num_branches": 0, "num_partial_branches": 0, "covered_branches": 0, "missing_branches": 0, "percent_branches_covered": 100.0, "percent_branches_covered_display": "100.00"}, "missing_lines": [], "excluded_lines": [], "executed_branches": [], "missing_branches": [], "functions": {"": {"executed_lines": [1, 8, 9, 10, 12, 15], "summary": {"covered_lines": 5, "num_statements": 5, "percent_covered": 100.0, "percent_covered_display": "100.00", "missing_lines": 0, "excluded_lines": 0, "percent_statements_covered": 100.0, "percent_statements_covered_display": "100.00", "num_branches": 0, "num_partial_branches": 0, "covered_branches": 0, "missing_branches": 0, "percent_branches_covered": 100.0, "percent_branches_covered_display": "100.00"}, "missing_lines": [], "excluded_lines": [], "executed_branches": [], "missing_branches": []}}, "classes": {"": {"executed_lines": [1, 8, 9, 10, 12, 15], "summary": {"covered_lines": 5, "num_statements": 5, "percent_covered": 100.0, "percent_covered_display": "100.00", "missing_lines": 0, "excluded_lines": 0, "percent_statements_covered": 100.0, "percent_statements_covered_display": "100.00", "num_branches": 0, "num_partial_branches": 0, "covered_branches": 0, "missing_branches": 0, "percent_branches_covered": 100.0, "percent_branches_covered_display": "100.00"}, "missing_lines": [], "excluded_lines": [], "executed_branches": [], "missing_branches": []}}}, "src/bloginator/cli/__init__.py": {"executed_lines": [1, 3, 6], "summary": {"covered_lines": 2, "num_statements": 2, "percent_covered": 100.0, "percent_covered_display": "100.00", "missing_lines": 0, "excluded_lines": 0, "percent_statements_covered": 100.0, "percent_statements_covered_display": "100.00", "num_branches": 0, "num_partial_branches": 0, "covered_branches": 0, "missing_branches": 0, "percent_branches_covered": 100.0, "percent_branches_covered_display": "100.00"}, "missing_lines": [], "excluded_lines": [], "executed_branches": [], "missing_branches": [], "functions": {"": {"executed_lines": [1, 3, 6], "summary": {"covered_lines": 2, "num_statements": 2, "percent_covered": 100.0, "percent_covered_display": "100.00", "missing_lines": 0, "excluded_lines": 0, "percent_statements_covered": 100.0, "percent_statements_covered_display": "100.00", "num_branches": 0, "num_partial_branches": 0, "covered_branches": 0, "missing_branches": 0, "percent_branches_covered": 100.0, "percent_branches_covered_display": "100.00"}, "missing_lines": [], "excluded_lines": [], "executed_branches": [], "missing_branches": []}}, "classes": {"": {"executed_lines": [1, 3, 6], "summary": {"covered_lines": 2, "num_statements": 2, "percent_covered": 100.0, "percent_covered_display": "100.00", "missing_lines": 0, "excluded_lines": 0, "percent_statements_covered": 100.0, "percent_statements_covered_display": "100.00", "num_branches": 0, "num_partial_branches": 0, "covered_branches": 0, "missing_branches": 0, "percent_branches_covered": 100.0, "percent_branches_covered_display": "100.00"}, "missing_lines": [], "excluded_lines": [], "executed_branches": [], "missing_branches": []}}}, "src/bloginator/cli/blocklist.py": {"executed_lines": [1, 3, 4, 6, 7, 8, 10, 11, 14, 15, 34, 37, 38, 44, 45, 52, 60, 61, 76, 79, 82, 85, 94, 96, 97, 98, 99, 100, 101, 104, 105, 111, 115, 125, 127, 130, 132, 133, 136, 137, 138, 141, 142, 143, 145, 146, 147, 148, 149, 150, 152, 154, 162, 164, 172, 175, 176, 182, 183, 192, 193, 196, 198, 199, 200, 201, 203, 204, 207, 208, 209, 212, 213, 215, 216, 219, 220, 226, 227, 232, 244, 245, 248, 249, 255, 257, 258, 259, 262, 265, 267, 269, 270, 271, 272, 273, 275, 276, 277, 284, 287, 288, 289, 290, 291, 293, 294], "summary": {"covered_lines": 106, "num_statements": 110, "percent_covered": 96.32352941176471, "percent_covered_display": "96.32", "missing_lines": 4, "excluded_lines": 0, "percent_statements_covered": 96.36363636363636, "percent_statements_covered_display": "96.36", "num_branches": 26, "num_partial_branches": 1, "covered_branches": 25, "missing_branches": 1, "percent_branches_covered": 96.15384615384616, "percent_branches_covered_display": "96.15"}, "missing_lines": [134, 250, 251, 252], "excluded_lines": [], "executed_branches": [[100, -37], [100, 101], [132, 133], [132, 141], [133, 136], [142, 143], [142, 145], [152, 154], [152, 172], [198, 199], [198, 203], [203, 204], [203, 212], [207, 208], [207, 209], [257, 258], [257, 262], [267, 269], [267, 287], [275, 276], [275, 284], [287, 288], [287, 293], [290, 287], [290, 291]], "missing_branches": [[133, 134]], "functions": {"blocklist": {"executed_lines": [34], "summary": {"covered_lines": 1, "num_statements": 1, "percent_covered": 100.0, "percent_covered_display": "100.00", "missing_lines": 0, "excluded_lines": 0, "percent_statements_covered": 100.0, "percent_statements_covered_display": "100.00", "num_branches": 0, "num_partial_branches": 0, "covered_branches": 0, "missing_branches": 0, "percent_branches_covered": 100.0, "percent_branches_covered_display": "100.00"}, "missing_lines": [], "excluded_lines": [], "executed_branches": [], "missing_branches": []}, "add": {"executed_lines": [76, 79, 82, 85, 94, 96, 97, 98, 99, 100, 101], "summary": {"covered_lines": 11, "num_statements": 11, "percent_covered": 100.0, "percent_covered_display": "100.00", "missing_lines": 0, "excluded_lines": 0, "percent_statements_covered": 100.0, "percent_statements_covered_display": "100.00", "num_branches": 2, "num_partial_branches": 0, "covered_branches": 2, "missing_branches": 0, "percent_branches_covered": 100.0, "percent_branches_covered_display": "100.00"}, "missing_lines": [], "excluded_lines": [], "executed_branches": [[100, -37], [100, 101]], "missing_branches": []}, "list": {"executed_lines": [125, 127, 130, 132, 133, 136, 137, 138, 141, 142, 143, 145, 146, 147, 148, 149, 150, 152, 154, 162, 164, 172], "summary": {"covered_lines": 22, "num_statements": 23, "percent_covered": 93.54838709677419, "percent_covered_display": "93.55", "missing_lines": 1, "excluded_lines": 0, "percent_statements_covered": 95.65217391304348, "percent_statements_covered_display": "95.65", "num_branches": 8, "num_partial_branches": 1, "covered_branches": 7, "missing_branches": 1, "percent_branches_covered": 87.5, "percent_branches_covered_display": "87.50"}, "missing_lines": [134], "excluded_lines": [], "executed_branches": [[132, 133], [132, 141], [133, 136], [142, 143], [142, 145], [152, 154], [152, 172]], "missing_branches": [[133, 134]]}, "remove": {"executed_lines": [192, 193, 196, 198, 199, 200, 201, 203, 204, 207, 208, 209, 212, 213, 215, 216], "summary": {"covered_lines": 16, "num_statements": 16, "percent_covered": 100.0, "percent_covered_display": "100.00", "missing_lines": 0, "excluded_lines": 0, "percent_statements_covered": 100.0, "percent_statements_covered_display": "100.00", "num_branches": 6, "num_partial_branches": 0, "covered_branches": 6, "missing_branches": 0, "percent_branches_covered": 100.0, "percent_branches_covered_display": "100.00"}, "missing_lines": [], "excluded_lines": [], "executed_branches": [[198, 199], [198, 203], [203, 204], [203, 212], [207, 208], [207, 209]], "missing_branches": []}, "validate": {"executed_lines": [244, 245, 248, 249, 255, 257, 258, 259, 262, 265, 267, 269, 270, 271, 272, 273, 275, 276, 277, 284, 287, 288, 289, 290, 291, 293, 294], "summary": {"covered_lines": 27, "num_statements": 30, "percent_covered": 92.5, "percent_covered_display": "92.50", "missing_lines": 3, "excluded_lines": 0, "percent_statements_covered": 90.0, "percent_statements_covered_display": "90.00", "num_branches": 10, "num_partial_branches": 0, "covered_branches": 10, "missing_branches": 0, "percent_branches_covered": 100.0, "percent_branches_covered_display": "100.00"}, "missing_lines": [250, 251, 252], "excluded_lines": [], "executed_branches": [[257, 258], [257, 262], [267, 269], [267, 287], [275, 276], [275, 284], [287, 288], [287, 293], [290, 287], [290, 291]], "missing_branches": []}, "": {"executed_lines": [1, 3, 4, 6, 7, 8, 10, 11, 14, 15, 37, 38, 44, 45, 52, 60, 61, 104, 105, 111, 115, 175, 176, 182, 183, 219, 220, 226, 227, 232], "summary": {"covered_lines": 29, "num_statements": 29, "percent_covered": 100.0, "percent_covered_display": "100.00", "missing_lines": 0, "excluded_lines": 0, "percent_statements_covered": 100.0, "percent_statements_covered_display": "100.00", "num_branches": 0, "num_partial_branches": 0, "covered_branches": 0, "missing_branches": 0, "percent_branches_covered": 100.0, "percent_branches_covered_display": "100.00"}, "missing_lines": [], "excluded_lines": [], "executed_branches": [], "missing_branches": []}}, "classes": {"": {"executed_lines": [1, 3, 4, 6, 7, 8, 10, 11, 14, 15, 34, 37, 38, 44, 45, 52, 60, 61, 76, 79, 82, 85, 94, 96, 97, 98, 99, 100, 101, 104, 105, 111, 115, 125, 127, 130, 132, 133, 136, 137, 138, 141, 142, 143, 145, 146, 147, 148, 149, 150, 152, 154, 162, 164, 172, 175, 176, 182, 183, 192, 193, 196, 198, 199, 200, 201, 203, 204, 207, 208, 209, 212, 213, 215, 216, 219, 220, 226, 227, 232, 244, 245, 248, 249, 255, 257, 258, 259, 262, 265, 267, 269, 270, 271, 272, 273, 275, 276, 277, 284, 287, 288, 289, 290, 291, 293, 294], "summary": {"covered_lines": 106, "num_statements": 110, "percent_covered": 96.32352941176471, "percent_covered_display": "96.32", "missing_lines": 4, "excluded_lines": 0, "percent_statements_covered": 96.36363636363636, "percent_statements_covered_display": "96.36", "num_branches": 26, "num_partial_branches": 1, "covered_branches": 25, "missing_branches": 1, "percent_branches_covered": 96.15384615384616, "percent_branches_covered_display": "96.15"}, "missing_lines": [134, 250, 251, 252], "excluded_lines": [], "executed_branches": [[100, -37], [100, 101], [132, 133], [132, 141], [133, 136], [142, 143], [142, 145], [152, 154], [152, 172], [198, 199], [198, 203], [203, 204], [203, 212], [207, 208], [207, 209], [257, 258], [257, 262], [267, 269], [267, 287], [275, 276], [275, 284], [287, 288], [287, 293], [290, 287], [290, 291]], "missing_branches": [[133, 134]]}}}, "src/bloginator/cli/diff.py": {"executed_lines": [1, 3, 4, 6, 7, 8, 9, 10, 12, 13, 16, 17, 20, 21, 22, 28, 34, 40, 46, 51, 58, 87, 89, 91, 92, 94, 95, 96, 97, 100, 101, 102, 105, 106, 107, 109, 113, 114, 117, 119, 120, 121, 125, 126, 129, 130, 131, 133, 134, 135, 137, 142, 144, 145, 146, 147, 150, 160, 162, 164, 165, 166, 167, 168, 169, 171, 172, 173, 174, 177, 186, 187, 190, 205, 208, 209, 210, 211, 212, 214, 220, 222, 223, 226, 228, 229, 230, 232, 233, 234, 236, 237, 240, 242, 244, 248, 255, 258, 264, 265, 266, 269, 271, 279, 282, 283, 284, 286, 287, 288, 289, 292, 293], "summary": {"covered_lines": 112, "num_statements": 121, "percent_covered": 89.93288590604027, "percent_covered_display": "89.93", "missing_lines": 9, "excluded_lines": 0, "percent_statements_covered": 92.56198347107438, "percent_statements_covered_display": "92.56", "num_branches": 28, "num_partial_branches": 6, "covered_branches": 22, "missing_branches": 6, "percent_branches_covered": 78.57142857142857, "percent_branches_covered_display": "78.57"}, "missing_lines": [110, 111, 123, 124, 138, 139, 175, 245, 290], "excluded_lines": [], "executed_branches": [[94, 95], [94, 100], [100, 101], [100, 105], [105, 106], [105, 117], [109, 113], [117, 119], [117, 121], [121, 125], [125, 126], [125, 129], [133, 134], [133, 137], [137, 142], [171, 172], [171, 186], [174, 177], [222, 223], [222, 226], [244, 248], [289, 292]], "missing_branches": [[109, 110], [121, 123], [137, 138], [174, 175], [244, 245], [289, 290]], "functions": {"diff": {"executed_lines": [87, 89, 91, 92, 94, 95, 96, 97, 100, 101, 102, 105, 106, 107, 109, 113, 114, 117, 119, 120, 121, 125, 126, 129, 130, 131, 133, 134, 135, 137, 142, 144, 145, 146, 147], "summary": {"covered_lines": 35, "num_statements": 41, "percent_covered": 84.7457627118644, "percent_covered_display": "84.75", "missing_lines": 6, "excluded_lines": 0, "percent_statements_covered": 85.36585365853658, "percent_statements_covered_display": "85.37", "num_branches": 18, "num_partial_branches": 3, "covered_branches": 15, "missing_branches": 3, "percent_branches_covered": 83.33333333333333, "percent_branches_covered_display": "83.33"}, "missing_lines": [110, 111, 123, 124, 138, 139], "excluded_lines": [], "executed_branches": [[94, 95], [94, 100], [100, 101], [100, 105], [105, 106], [105, 117], [109, 113], [117, 119], [117, 121], [121, 125], [125, 126], [125, 129], [133, 134], [133, 137], [137, 142]], "missing_branches": [[109, 110], [121, 123], [137, 138]]}, "_display_version_list": {"executed_lines": [160, 162, 164, 165, 166, 167, 168, 169, 171, 172, 173, 174, 177, 186, 187], "summary": {"covered_lines": 15, "num_statements": 16, "percent_covered": 90.0, "percent_covered_display": "90.00", "missing_lines": 1, "excluded_lines": 0, "percent_statements_covered": 93.75, "percent_statements_covered_display": "93.75", "num_branches": 4, "num_partial_branches": 1, "covered_branches": 3, "missing_branches": 1, "percent_branches_covered": 75.0, "percent_branches_covered_display": "75.00"}, "missing_lines": [175], "excluded_lines": [], "executed_branches": [[171, 172], [171, 186], [174, 177]], "missing_branches": [[174, 175]]}, "_display_diff": {"executed_lines": [205, 208, 209, 210, 211, 212, 214, 220, 222, 223, 226, 228, 229, 230, 232, 233, 234, 236, 237, 240, 242, 244, 248, 255], "summary": {"covered_lines": 24, "num_statements": 25, "percent_covered": 93.10344827586206, "percent_covered_display": "93.10", "missing_lines": 1, "excluded_lines": 0, "percent_statements_covered": 96.0, "percent_statements_covered_display": "96.00", "num_branches": 4, "num_partial_branches": 1, "covered_branches": 3, "missing_branches": 1, "percent_branches_covered": 75.0, "percent_branches_covered_display": "75.00"}, "missing_lines": [245], "excluded_lines": [], "executed_branches": [[222, 223], [222, 226], [244, 248]], "missing_branches": [[244, 245]]}, "_display_version_content": {"executed_lines": [264, 265, 266, 269, 271, 279, 282, 283, 284, 286, 287, 288, 289, 292, 293], "summary": {"covered_lines": 15, "num_statements": 16, "percent_covered": 88.88888888888889, "percent_covered_display": "88.89", "missing_lines": 1, "excluded_lines": 0, "percent_statements_covered": 93.75, "percent_statements_covered_display": "93.75", "num_branches": 2, "num_partial_branches": 1, "covered_branches": 1, "missing_branches": 1, "percent_branches_covered": 50.0, "percent_branches_covered_display": "50.00"}, "missing_lines": [290], "excluded_lines": [], "executed_branches": [[289, 292]], "missing_branches": [[289, 290]]}, "": {"executed_lines": [1, 3, 4, 6, 7, 8, 9, 10, 12, 13, 16, 17, 20, 21, 22, 28, 34, 40, 46, 51, 58, 150, 190, 258], "summary": {"covered_lines": 23, "num_statements": 23, "percent_covered": 100.0, "percent_covered_display": "100.00", "missing_lines": 0, "excluded_lines": 0, "percent_statements_covered": 100.0, "percent_statements_covered_display": "100.00", "num_branches": 0, "num_partial_branches": 0, "covered_branches": 0, "missing_branches": 0, "percent_branches_covered": 100.0, "percent_branches_covered_display": "100.00"}, "missing_lines": [], "excluded_lines": [], "executed_branches": [], "missing_branches": []}}, "classes": {"": {"executed_lines": [1, 3, 4, 6, 7, 8, 9, 10, 12, 13, 16, 17, 20, 21, 22, 28, 34, 40, 46, 51, 58, 87, 89, 91, 92, 94, 95, 96, 97, 100, 101, 102, 105, 106, 107, 109, 113, 114, 117, 119, 120, 121, 125, 126, 129, 130, 131, 133, 134, 135, 137, 142, 144, 145, 146, 147, 150, 160, 162, 164, 165, 166, 167, 168, 169, 171, 172, 173, 174, 177, 186, 187, 190, 205, 208, 209, 210, 211, 212, 214, 220, 222, 223, 226, 228, 229, 230, 232, 233, 234, 236, 237, 240, 242, 244, 248, 255, 258, 264, 265, 266, 269, 271, 279, 282, 283, 284, 286, 287, 288, 289, 292, 293], "summary": {"covered_lines": 112, "num_statements": 121, "percent_covered": 89.93288590604027, "percent_covered_display": "89.93", "missing_lines": 9, "excluded_lines": 0, "percent_statements_covered": 92.56198347107438, "percent_statements_covered_display": "92.56", "num_branches": 28, "num_partial_branches": 6, "covered_branches": 22, "missing_branches": 6, "percent_branches_covered": 78.57142857142857, "percent_branches_covered_display": "78.57"}, "missing_lines": [110, 111, 123, 124, 138, 139, 175, 245, 290], "excluded_lines": [], "executed_branches": [[94, 95], [94, 100], [100, 101], [100, 105], [105, 106], [105, 117], [109, 113], [117, 119], [117, 121], [121, 125], [125, 126], [125, 129], [133, 134], [133, 137], [137, 142], [171, 172], [171, 186], [174, 177], [222, 223], [222, 226], [244, 248], [289, 292]], "missing_branches": [[109, 110], [121, 123], [137, 138], [174, 175], [244, 245], [289, 290]]}}}, "src/bloginator/cli/draft.py": {"executed_lines": [1, 3, 4, 5, 7, 8, 9, 10, 12, 13, 14, 15, 16, 17, 20, 21, 28, 35, 43, 50, 56, 61, 67, 73, 78, 83, 89, 94, 100], "summary": {"covered_lines": 28, "num_statements": 179, "percent_covered": 13.023255813953488, "percent_covered_display": "13.02", "missing_lines": 151, "excluded_lines": 0, "percent_statements_covered": 15.64245810055866, "percent_statements_covered_display": "15.64", "num_branches": 36, "num_partial_branches": 0, "covered_branches": 0, "missing_branches": 36, "percent_branches_covered": 0.0, "percent_branches_covered_display": "0.00"}, "missing_lines": [145, 146, 147, 152, 153, 154, 156, 157, 159, 162, 163, 164, 165, 166, 167, 168, 169, 170, 172, 173, 176, 182, 183, 184, 185, 186, 187, 188, 189, 190, 191, 194, 195, 196, 199, 200, 201, 202, 203, 204, 205, 206, 209, 210, 211, 213, 219, 220, 221, 222, 225, 226, 229, 230, 231, 233, 236, 243, 247, 248, 251, 256, 259, 260, 261, 262, 263, 266, 267, 268, 269, 270, 271, 272, 273, 274, 277, 278, 279, 280, 281, 282, 283, 284, 287, 288, 289, 292, 293, 294, 295, 297, 298, 305, 310, 311, 316, 318, 319, 322, 323, 324, 326, 331, 332, 335, 336, 337, 338, 340, 341, 342, 345, 346, 347, 349, 350, 351, 355, 356, 357, 358, 360, 363, 364, 365, 366, 367, 368, 370, 371, 372, 373, 374, 377, 378, 379, 402, 403, 404, 406, 408, 409, 410, 411, 414, 415, 416, 420, 421, 422], "excluded_lines": [], "executed_branches": [], "missing_branches": [[145, 146], [145, 156], [209, 210], [209, 236], [219, 220], [219, 233], [225, 226], [225, 229], [266, 267], [266, 277], [277, 278], [277, 287], [297, 298], [297, 310], [310, 311], [310, 318], [322, 323], [322, 345], [331, 332], [331, 340], [337, 331], [337, 338], [345, 346], [345, 363], [355, 356], [355, 360], [357, 358], [357, 360], [364, 365], [364, 370], [370, 371], [370, 377], [414, 415], [414, 420], [420, -20], [420, 421]], "functions": {"draft": {"executed_lines": [], "summary": {"covered_lines": 0, "num_statements": 151, "percent_covered": 0.0, "percent_covered_display": "0.00", "missing_lines": 151, "excluded_lines": 0, "percent_statements_covered": 0.0, "percent_statements_covered_display": "0.00", "num_branches": 36, "num_partial_branches": 0, "covered_branches": 0, "missing_branches": 36, "percent_branches_covered": 0.0, "percent_branches_covered_display": "0.00"}, "missing_lines": [145, 146, 147, 152, 153, 154, 156, 157, 159, 162, 163, 164, 165, 166, 167, 168, 169, 170, 172, 173, 176, 182, 183, 184, 185, 186, 187, 188, 189, 190, 191, 194, 195, 196, 199, 200, 201, 202, 203, 204, 205, 206, 209, 210, 211, 213, 219, 220, 221, 222, 225, 226, 229, 230, 231, 233, 236, 243, 247, 248, 251, 256, 259, 260, 261, 262, 263, 266, 267, 268, 269, 270, 271, 272, 273, 274, 277, 278, 279, 280, 281, 282, 283, 284, 287, 288, 289, 292, 293, 294, 295, 297, 298, 305, 310, 311, 316, 318, 319, 322, 323, 324, 326, 331, 332, 335, 336, 337, 338, 340, 341, 342, 345, 346, 347, 349, 350, 351, 355, 356, 357, 358, 360, 363, 364, 365, 366, 367, 368, 370, 371, 372, 373, 374, 377, 378, 379, 402, 403, 404, 406, 408, 409, 410, 411, 414, 415, 416, 420, 421, 422], "excluded_lines": [], "executed_branches": [], "missing_branches": [[145, 146], [145, 156], [209, 210], [209, 236], [219, 220], [219, 233], [225, 226], [225, 229], [266, 267], [266, 277], [277, 278], [277, 287], [297, 298], [297, 310], [310, 311], [310, 318], [322, 323], [322, 345], [331, 332], [331, 340], [337, 331], [337, 338], [345, 346], [345, 363], [355, 356], [355, 360], [357, 358], [357, 360], [364, 365], [364, 370], [370, 371], [370, 377], [414, 415], [414, 420], [420, -20], [420, 421]]}, "": {"executed_lines": [1, 3, 4, 5, 7, 8, 9, 10, 12, 13, 14, 15, 16, 17, 20, 21, 28, 35, 43, 50, 56, 61, 67, 73, 78, 83, 89, 94, 100], "summary": {"covered_lines": 28, "num_statements": 28, "percent_covered": 100.0, "percent_covered_display": "100.00", "missing_lines": 0, "excluded_lines": 0, "percent_statements_covered": 100.0, "percent_statements_covered_display": "100.00", "num_branches": 0, "num_partial_branches": 0, "covered_branches": 0, "missing_branches": 0, "percent_branches_covered": 100.0, "percent_branches_covered_display": "100.00"}, "missing_lines": [], "excluded_lines": [], "executed_branches": [], "missing_branches": []}}, "classes": {"": {"executed_lines": [1, 3, 4, 5, 7, 8, 9, 10, 12, 13, 14, 15, 16, 17, 20, 21, 28, 35, 43, 50, 56, 61, 67, 73, 78, 83, 89, 94, 100], "summary": {"covered_lines": 28, "num_statements": 179, "percent_covered": 13.023255813953488, "percent_covered_display": "13.02", "missing_lines": 151, "excluded_lines": 0, "percent_statements_covered": 15.64245810055866, "percent_statements_covered_display": "15.64", "num_branches": 36, "num_partial_branches": 0, "covered_branches": 0, "missing_branches": 36, "percent_branches_covered": 0.0, "percent_branches_covered_display": "0.00"}, "missing_lines": [145, 146, 147, 152, 153, 154, 156, 157, 159, 162, 163, 164, 165, 166, 167, 168, 169, 170, 172, 173, 176, 182, 183, 184, 185, 186, 187, 188, 189, 190, 191, 194, 195, 196, 199, 200, 201, 202, 203, 204, 205, 206, 209, 210, 211, 213, 219, 220, 221, 222, 225, 226, 229, 230, 231, 233, 236, 243, 247, 248, 251, 256, 259, 260, 261, 262, 263, 266, 267, 268, 269, 270, 271, 272, 273, 274, 277, 278, 279, 280, 281, 282, 283, 284, 287, 288, 289, 292, 293, 294, 295, 297, 298, 305, 310, 311, 316, 318, 319, 322, 323, 324, 326, 331, 332, 335, 336, 337, 338, 340, 341, 342, 345, 346, 347, 349, 350, 351, 355, 356, 357, 358, 360, 363, 364, 365, 366, 367, 368, 370, 371, 372, 373, 374, 377, 378, 379, 402, 403, 404, 406, 408, 409, 410, 411, 414, 415, 416, 420, 421, 422], "excluded_lines": [], "executed_branches": [], "missing_branches": [[145, 146], [145, 156], [209, 210], [209, 236], [219, 220], [219, 233], [225, 226], [225, 229], [266, 267], [266, 277], [277, 278], [277, 287], [297, 298], [297, 310], [310, 311], [310, 318], [322, 323], [322, 345], [331, 332], [331, 340], [337, 331], [337, 338], [345, 346], [345, 363], [355, 356], [355, 360], [357, 358], [357, 360], [364, 365], [364, 370], [370, 371], [370, 377], [414, 415], [414, 420], [420, -20], [420, 421]]}}}, "src/bloginator/cli/error_reporting.py": {"executed_lines": [1, 3, 4, 5, 7, 8, 9, 12, 13, 15, 16, 17, 18, 19, 20, 21, 22, 23, 26, 27, 29, 31, 32, 34, 42, 43, 45, 57, 60, 64, 68, 72, 79, 85, 89, 93, 100, 102, 104, 113, 124, 126, 132, 133, 135, 136, 139, 140, 141, 142, 144, 148, 149, 150, 153, 159, 162, 163, 164, 165, 168, 170, 172, 197, 208, 209, 210, 212], "summary": {"covered_lines": 65, "num_statements": 83, "percent_covered": 70.08547008547009, "percent_covered_display": "70.09", "missing_lines": 18, "excluded_lines": 0, "percent_statements_covered": 78.3132530120482, "percent_statements_covered_display": "78.31", "num_branches": 34, "num_partial_branches": 9, "covered_branches": 17, "missing_branches": 17, "percent_branches_covered": 50.0, "percent_branches_covered_display": "50.00"}, "missing_lines": [61, 65, 69, 76, 82, 86, 90, 151, 179, 180, 182, 184, 185, 189, 190, 191, 193, 194], "excluded_lines": [], "executed_branches": [[60, 64], [64, 68], [68, 72], [72, 79], [79, 85], [85, 89], [89, 93], [93, 100], [93, 102], [132, 133], [132, 135], [144, 148], [144, 159], [150, 153], [163, 164], [163, 170], [209, 210]], "missing_branches": [[60, 61], [64, 65], [68, 69], [72, 76], [79, 82], [85, 86], [89, 90], [150, 151], [179, 180], [179, 182], [184, -172], [184, 185], [189, 190], [189, 193], [193, 184], [193, 194], [209, 212]], "functions": {"ErrorTracker.__init__": {"executed_lines": [31, 32], "summary": {"covered_lines": 2, "num_statements": 2, "percent_covered": 100.0, "percent_covered_display": "100.00", "missing_lines": 0, "excluded_lines": 0, "percent_statements_covered": 100.0, "percent_statements_covered_display": "100.00", "num_branches": 0, "num_partial_branches": 0, "covered_branches": 0, "missing_branches": 0, "percent_branches_covered": 100.0, "percent_branches_covered_display": "100.00"}, "missing_lines": [], "excluded_lines": [], "executed_branches": [], "missing_branches": []}, "ErrorTracker.record_error": {"executed_lines": [42, 43], "summary": {"covered_lines": 2, "num_statements": 2, "percent_covered": 100.0, "percent_covered_display": "100.00", "missing_lines": 0, "excluded_lines": 0, "percent_statements_covered": 100.0, "percent_statements_covered_display": "100.00", "num_branches": 0, "num_partial_branches": 0, "covered_branches": 0, "missing_branches": 0, "percent_branches_covered": 100.0, "percent_branches_covered_display": "100.00"}, "missing_lines": [], "excluded_lines": [], "executed_branches": [], "missing_branches": []}, "ErrorTracker.categorize_exception": {"executed_lines": [57, 60, 64, 68, 72, 79, 85, 89, 93, 100, 102], "summary": {"covered_lines": 11, "num_statements": 18, "percent_covered": 58.8235294117647, "percent_covered_display": "58.82", "missing_lines": 7, "excluded_lines": 0, "percent_statements_covered": 61.111111111111114, "percent_statements_covered_display": "61.11", "num_branches": 16, "num_partial_branches": 7, "covered_branches": 9, "missing_branches": 7, "percent_branches_covered": 56.25, "percent_branches_covered_display": "56.25"}, "missing_lines": [61, 65, 69, 76, 82, 86, 90], "excluded_lines": [], "executed_branches": [[60, 64], [64, 68], [68, 72], [72, 79], [79, 85], [85, 89], [89, 93], [93, 100], [93, 102]], "missing_branches": [[60, 61], [64, 65], [68, 69], [72, 76], [79, 82], [85, 86], [89, 90]]}, "ErrorTracker.get_actionable_advice": {"executed_lines": [113, 124], "summary": {"covered_lines": 2, "num_statements": 2, "percent_covered": 100.0, "percent_covered_display": "100.00", "missing_lines": 0, "excluded_lines": 0, "percent_statements_covered": 100.0, "percent_statements_covered_display": "100.00", "num_branches": 0, "num_partial_branches": 0, "covered_branches": 0, "missing_branches": 0, "percent_branches_covered": 100.0, "percent_branches_covered_display": "100.00"}, "missing_lines": [], "excluded_lines": [], "executed_branches": [], "missing_branches": []}, "ErrorTracker.print_summary": {"executed_lines": [132, 133, 135, 136, 139, 140, 141, 142, 144, 148, 149, 150, 153, 159, 162, 163, 164, 165, 168, 170], "summary": {"covered_lines": 20, "num_statements": 21, "percent_covered": 93.10344827586206, "percent_covered_display": "93.10", "missing_lines": 1, "excluded_lines": 0, "percent_statements_covered": 95.23809523809524, "percent_statements_covered_display": "95.24", "num_branches": 8, "num_partial_branches": 1, "covered_branches": 7, "missing_branches": 1, "percent_branches_covered": 87.5, "percent_branches_covered_display": "87.50"}, "missing_lines": [151], "excluded_lines": [], "executed_branches": [[132, 133], [132, 135], [144, 148], [144, 159], [150, 153], [163, 164], [163, 170]], "missing_branches": [[150, 151]]}, "ErrorTracker.print_detailed_errors": {"executed_lines": [], "summary": {"covered_lines": 0, "num_statements": 10, "percent_covered": 0.0, "percent_covered_display": "0.00", "missing_lines": 10, "excluded_lines": 0, "percent_statements_covered": 0.0, "percent_statements_covered_display": "0.00", "num_branches": 8, "num_partial_branches": 0, "covered_branches": 0, "missing_branches": 8, "percent_branches_covered": 0.0, "percent_branches_covered_display": "0.00"}, "missing_lines": [179, 180, 182, 184, 185, 189, 190, 191, 193, 194], "excluded_lines": [], "executed_branches": [], "missing_branches": [[179, 180], [179, 182], [184, -172], [184, 185], [189, 190], [189, 193], [193, 184], [193, 194]]}, "create_error_panel": {"executed_lines": [208, 209, 210, 212], "summary": {"covered_lines": 4, "num_statements": 4, "percent_covered": 83.33333333333333, "percent_covered_display": "83.33", "missing_lines": 0, "excluded_lines": 0, "percent_statements_covered": 100.0, "percent_statements_covered_display": "100.00", "num_branches": 2, "num_partial_branches": 1, "covered_branches": 1, "missing_branches": 1, "percent_branches_covered": 50.0, "percent_branches_covered_display": "50.00"}, "missing_lines": [], "excluded_lines": [], "executed_branches": [[209, 210]], "missing_branches": [[209, 212]]}, "": {"executed_lines": [1, 3, 4, 5, 7, 8, 9, 12, 13, 15, 16, 17, 18, 19, 20, 21, 22, 23, 26, 27, 29, 34, 45, 104, 126, 172, 197], "summary": {"covered_lines": 24, "num_statements": 24, "percent_covered": 100.0, "percent_covered_display": "100.00", "missing_lines": 0, "excluded_lines": 0, "percent_statements_covered": 100.0, "percent_statements_covered_display": "100.00", "num_branches": 0, "num_partial_branches": 0, "covered_branches": 0, "missing_branches": 0, "percent_branches_covered": 100.0, "percent_branches_covered_display": "100.00"}, "missing_lines": [], "excluded_lines": [], "executed_branches": [], "missing_branches": []}}, "classes": {"ErrorCategory": {"executed_lines": [], "summary": {"covered_lines": 0, "num_statements": 0, "percent_covered": 100.0, "percent_covered_display": "100.00", "missing_lines": 0, "excluded_lines": 0, "percent_statements_covered": 100.0, "percent_statements_covered_display": "100.00", "num_branches": 0, "num_partial_branches": 0, "covered_branches": 0, "missing_branches": 0, "percent_branches_covered": 100.0, "percent_branches_covered_display": "100.00"}, "missing_lines": [], "excluded_lines": [], "executed_branches": [], "missing_branches": []}, "ErrorTracker": {"executed_lines": [31, 32, 42, 43, 57, 60, 64, 68, 72, 79, 85, 89, 93, 100, 102, 113, 124, 132, 133, 135, 136, 139, 140, 141, 142, 144, 148, 149, 150, 153, 159, 162, 163, 164, 165, 168, 170], "summary": {"covered_lines": 37, "num_statements": 55, "percent_covered": 60.91954022988506, "percent_covered_display": "60.92", "missing_lines": 18, "excluded_lines": 0, "percent_statements_covered": 67.27272727272727, "percent_statements_covered_display": "67.27", "num_branches": 32, "num_partial_branches": 8, "covered_branches": 16, "missing_branches": 16, "percent_branches_covered": 50.0, "percent_branches_covered_display": "50.00"}, "missing_lines": [61, 65, 69, 76, 82, 86, 90, 151, 179, 180, 182, 184, 185, 189, 190, 191, 193, 194], "excluded_lines": [], "executed_branches": [[60, 64], [64, 68], [68, 72], [72, 79], [79, 85], [85, 89], [89, 93], [93, 100], [93, 102], [132, 133], [132, 135], [144, 148], [144, 159], [150, 153], [163, 164], [163, 170]], "missing_branches": [[60, 61], [64, 65], [68, 69], [72, 76], [79, 82], [85, 86], [89, 90], [150, 151], [179, 180], [179, 182], [184, -172], [184, 185], [189, 190], [189, 193], [193, 184], [193, 194]]}, "": {"executed_lines": [1, 3, 4, 5, 7, 8, 9, 12, 13, 15, 16, 17, 18, 19, 20, 21, 22, 23, 26, 27, 29, 34, 45, 104, 126, 172, 197, 208, 209, 210, 212], "summary": {"covered_lines": 28, "num_statements": 28, "percent_covered": 96.66666666666667, "percent_covered_display": "96.67", "missing_lines": 0, "excluded_lines": 0, "percent_statements_covered": 100.0, "percent_statements_covered_display": "100.00", "num_branches": 2, "num_partial_branches": 1, "covered_branches": 1, "missing_branches": 1, "percent_branches_covered": 50.0, "percent_branches_covered_display": "50.00"}, "missing_lines": [], "excluded_lines": [], "executed_branches": [[209, 210]], "missing_branches": [[209, 212]]}}}, "src/bloginator/cli/extract.py": {"executed_lines": [1, 8, 10, 11, 13, 14, 17, 18, 19, 26, 32, 38, 42, 47, 53, 86, 87, 90, 91, 94, 97, 98, 100, 101, 103, 104], "summary": {"covered_lines": 25, "num_statements": 25, "percent_covered": 100.0, "percent_covered_display": "100.00", "missing_lines": 0, "excluded_lines": 0, "percent_statements_covered": 100.0, "percent_statements_covered_display": "100.00", "num_branches": 6, "num_partial_branches": 0, "covered_branches": 6, "missing_branches": 0, "percent_branches_covered": 100.0, "percent_branches_covered_display": "100.00"}, "missing_lines": [], "excluded_lines": [], "executed_branches": [[90, 91], [90, 94], [94, 97], [94, 98], [98, 100], [98, 103]], "missing_branches": [], "functions": {"extract": {"executed_lines": [86, 87, 90, 91, 94, 97, 98, 100, 101, 103, 104], "summary": {"covered_lines": 11, "num_statements": 11, "percent_covered": 100.0, "percent_covered_display": "100.00", "missing_lines": 0, "excluded_lines": 0, "percent_statements_covered": 100.0, "percent_statements_covered_display": "100.00", "num_branches": 6, "num_partial_branches": 0, "covered_branches": 6, "missing_branches": 0, "percent_branches_covered": 100.0, "percent_branches_covered_display": "100.00"}, "missing_lines": [], "excluded_lines": [], "executed_branches": [[90, 91], [90, 94], [94, 97], [94, 98], [98, 100], [98, 103]], "missing_branches": []}, "": {"executed_lines": [1, 8, 10, 11, 13, 14, 17, 18, 19, 26, 32, 38, 42, 47, 53], "summary": {"covered_lines": 14, "num_statements": 14, "percent_covered": 100.0, "percent_covered_display": "100.00", "missing_lines": 0, "excluded_lines": 0, "percent_statements_covered": 100.0, "percent_statements_covered_display": "100.00", "num_branches": 0, "num_partial_branches": 0, "covered_branches": 0, "missing_branches": 0, "percent_branches_covered": 100.0, "percent_branches_covered_display": "100.00"}, "missing_lines": [], "excluded_lines": [], "executed_branches": [], "missing_branches": []}}, "classes": {"": {"executed_lines": [1, 8, 10, 11, 13, 14, 17, 18, 19, 26, 32, 38, 42, 47, 53, 86, 87, 90, 91, 94, 97, 98, 100, 101, 103, 104], "summary": {"covered_lines": 25, "num_statements": 25, "percent_covered": 100.0, "percent_covered_display": "100.00", "missing_lines": 0, "excluded_lines": 0, "percent_statements_covered": 100.0, "percent_statements_covered_display": "100.00", "num_branches": 6, "num_partial_branches": 0, "covered_branches": 6, "missing_branches": 0, "percent_branches_covered": 100.0, "percent_branches_covered_display": "100.00"}, "missing_lines": [], "excluded_lines": [], "executed_branches": [[90, 91], [90, 94], [94, 97], [94, 98], [98, 100], [98, 103]], "missing_branches": []}}}, "src/bloginator/cli/extract_config.py": {"executed_lines": [1, 3, 4, 5, 6, 8, 9, 10, 12, 13, 14, 15, 21, 22, 25, 82, 110, 138, 199, 235, 292, 333], "summary": {"covered_lines": 21, "num_statements": 152, "percent_covered": 10.396039603960396, "percent_covered_display": "10.40", "missing_lines": 131, "excluded_lines": 0, "percent_statements_covered": 13.81578947368421, "percent_statements_covered_display": "13.82", "num_branches": 50, "num_partial_branches": 0, "covered_branches": 0, "missing_branches": 50, "percent_branches_covered": 0.0, "percent_branches_covered_display": "0.00"}, "missing_lines": [37, 40, 43, 46, 48, 49, 50, 53, 56, 68, 69, 70, 73, 74, 75, 78, 79, 96, 97, 98, 99, 100, 101, 106, 107, 117, 118, 119, 120, 121, 123, 124, 125, 126, 127, 134, 135, 163, 164, 165, 167, 169, 170, 173, 176, 177, 178, 181, 192, 193, 194, 196, 213, 214, 215, 216, 219, 220, 221, 222, 223, 224, 226, 227, 230, 232, 260, 263, 265, 266, 267, 269, 272, 283, 284, 285, 286, 287, 289, 302, 304, 306, 307, 309, 310, 312, 316, 317, 319, 320, 323, 324, 326, 327, 328, 330, 347, 348, 349, 351, 352, 354, 355, 357, 359, 360, 361, 362, 365, 368, 371, 372, 373, 374, 377, 378, 379, 382, 385, 401, 402, 405, 406, 408, 410, 412, 413, 414, 415, 417, 419], "excluded_lines": [], "executed_branches": [], "missing_branches": [[48, 49], [48, 53], [69, 70], [69, 73], [73, 74], [73, 75], [78, -25], [78, 79], [123, 124], [123, 134], [125, 126], [125, 127], [167, 169], [167, 196], [169, 170], [169, 176], [177, 178], [177, 181], [215, 216], [215, 226], [226, 227], [226, 232], [265, 266], [265, 269], [284, 285], [284, 286], [286, 287], [286, 289], [304, 306], [304, 309], [306, 307], [306, 330], [312, 316], [312, 330], [317, 312], [317, 319], [319, 320], [319, 323], [323, 324], [323, 326], [327, 317], [327, 328], [354, 355], [354, 419], [359, 360], [359, 365], [372, 373], [372, 377], [378, 379], [378, 382]], "functions": {"extract_from_config": {"executed_lines": [], "summary": {"covered_lines": 0, "num_statements": 17, "percent_covered": 0.0, "percent_covered_display": "0.00", "missing_lines": 17, "excluded_lines": 0, "percent_statements_covered": 0.0, "percent_statements_covered_display": "0.00", "num_branches": 8, "num_partial_branches": 0, "covered_branches": 0, "missing_branches": 8, "percent_branches_covered": 0.0, "percent_branches_covered_display": "0.00"}, "missing_lines": [37, 40, 43, 46, 48, 49, 50, 53, 56, 68, 69, 70, 73, 74, 75, 78, 79], "excluded_lines": [], "executed_branches": [], "missing_branches": [[48, 49], [48, 53], [69, 70], [69, 73], [73, 74], [73, 75], [78, -25], [78, 79]]}, "_load_config": {"executed_lines": [], "summary": {"covered_lines": 0, "num_statements": 8, "percent_covered": 0.0, "percent_covered_display": "0.00", "missing_lines": 8, "excluded_lines": 0, "percent_statements_covered": 0.0, "percent_statements_covered_display": "0.00", "num_branches": 0, "num_partial_branches": 0, "covered_branches": 0, "missing_branches": 0, "percent_branches_covered": 100.0, "percent_branches_covered_display": "100.00"}, "missing_lines": [96, 97, 98, 99, 100, 101, 106, 107], "excluded_lines": [], "executed_branches": [], "missing_branches": []}, "_display_sources_table": {"executed_lines": [], "summary": {"covered_lines": 0, "num_statements": 12, "percent_covered": 0.0, "percent_covered_display": "0.00", "missing_lines": 12, "excluded_lines": 0, "percent_statements_covered": 0.0, "percent_statements_covered_display": "0.00", "num_branches": 4, "num_partial_branches": 0, "covered_branches": 0, "missing_branches": 4, "percent_branches_covered": 0.0, "percent_branches_covered_display": "0.00"}, "missing_lines": [117, 118, 119, 120, 121, 123, 124, 125, 126, 127, 134, 135], "excluded_lines": [], "executed_branches": [], "missing_branches": [[123, 124], [123, 134], [125, 126], [125, 127]]}, "_process_all_sources": {"executed_lines": [], "summary": {"covered_lines": 0, "num_statements": 15, "percent_covered": 0.0, "percent_covered_display": "0.00", "missing_lines": 15, "excluded_lines": 0, "percent_statements_covered": 0.0, "percent_statements_covered_display": "0.00", "num_branches": 6, "num_partial_branches": 0, "covered_branches": 0, "missing_branches": 6, "percent_branches_covered": 0.0, "percent_branches_covered_display": "0.00"}, "missing_lines": [163, 164, 165, 167, 169, 170, 173, 176, 177, 178, 181, 192, 193, 194, 196], "excluded_lines": [], "executed_branches": [], "missing_branches": [[167, 169], [167, 196], [169, 170], [169, 176], [177, 178], [177, 181]]}, "_resolve_source_path": {"executed_lines": [], "summary": {"covered_lines": 0, "num_statements": 14, "percent_covered": 0.0, "percent_covered_display": "0.00", "missing_lines": 14, "excluded_lines": 0, "percent_statements_covered": 0.0, "percent_statements_covered_display": "0.00", "num_branches": 4, "num_partial_branches": 0, "covered_branches": 0, "missing_branches": 4, "percent_branches_covered": 0.0, "percent_branches_covered_display": "0.00"}, "missing_lines": [213, 214, 215, 216, 219, 220, 221, 222, 223, 224, 226, 227, 230, 232], "excluded_lines": [], "executed_branches": [], "missing_branches": [[215, 216], [215, 226], [226, 227], [226, 232]]}, "_process_source": {"executed_lines": [], "summary": {"covered_lines": 0, "num_statements": 13, "percent_covered": 0.0, "percent_covered_display": "0.00", "missing_lines": 13, "excluded_lines": 0, "percent_statements_covered": 0.0, "percent_statements_covered_display": "0.00", "num_branches": 6, "num_partial_branches": 0, "covered_branches": 0, "missing_branches": 6, "percent_branches_covered": 0.0, "percent_branches_covered_display": "0.00"}, "missing_lines": [260, 263, 265, 266, 267, 269, 272, 283, 284, 285, 286, 287, 289], "excluded_lines": [], "executed_branches": [], "missing_branches": [[265, 266], [265, 269], [284, 285], [284, 286], [286, 287], [286, 289]]}, "_collect_source_files": {"executed_lines": [], "summary": {"covered_lines": 0, "num_statements": 17, "percent_covered": 0.0, "percent_covered_display": "0.00", "missing_lines": 17, "excluded_lines": 0, "percent_statements_covered": 0.0, "percent_statements_covered_display": "0.00", "num_branches": 14, "num_partial_branches": 0, "covered_branches": 0, "missing_branches": 14, "percent_branches_covered": 0.0, "percent_branches_covered_display": "0.00"}, "missing_lines": [302, 304, 306, 307, 309, 310, 312, 316, 317, 319, 320, 323, 324, 326, 327, 328, 330], "excluded_lines": [], "executed_branches": [], "missing_branches": [[304, 306], [304, 309], [306, 307], [306, 330], [312, 316], [312, 330], [317, 312], [317, 319], [319, 320], [319, 323], [323, 324], [323, 326], [327, 317], [327, 328]]}, "_extract_source_files": {"executed_lines": [], "summary": {"covered_lines": 0, "num_statements": 35, "percent_covered": 0.0, "percent_covered_display": "0.00", "missing_lines": 35, "excluded_lines": 0, "percent_statements_covered": 0.0, "percent_statements_covered_display": "0.00", "num_branches": 8, "num_partial_branches": 0, "covered_branches": 0, "missing_branches": 8, "percent_branches_covered": 0.0, "percent_branches_covered_display": "0.00"}, "missing_lines": [347, 348, 349, 351, 352, 354, 355, 357, 359, 360, 361, 362, 365, 368, 371, 372, 373, 374, 377, 378, 379, 382, 385, 401, 402, 405, 406, 408, 410, 412, 413, 414, 415, 417, 419], "excluded_lines": [], "executed_branches": [], "missing_branches": [[354, 355], [354, 419], [359, 360], [359, 365], [372, 373], [372, 377], [378, 379], [378, 382]]}, "": {"executed_lines": [1, 3, 4, 5, 6, 8, 9, 10, 12, 13, 14, 15, 21, 22, 25, 82, 110, 138, 199, 235, 292, 333], "summary": {"covered_lines": 21, "num_statements": 21, "percent_covered": 100.0, "percent_covered_display": "100.00", "missing_lines": 0, "excluded_lines": 0, "percent_statements_covered": 100.0, "percent_statements_covered_display": "100.00", "num_branches": 0, "num_partial_branches": 0, "covered_branches": 0, "missing_branches": 0, "percent_branches_covered": 100.0, "percent_branches_covered_display": "100.00"}, "missing_lines": [], "excluded_lines": [], "executed_branches": [], "missing_branches": []}}, "classes": {"": {"executed_lines": [1, 3, 4, 5, 6, 8, 9, 10, 12, 13, 14, 15, 21, 22, 25, 82, 110, 138, 199, 235, 292, 333], "summary": {"covered_lines": 21, "num_statements": 152, "percent_covered": 10.396039603960396, "percent_covered_display": "10.40", "missing_lines": 131, "excluded_lines": 0, "percent_statements_covered": 13.81578947368421, "percent_statements_covered_display": "13.82", "num_branches": 50, "num_partial_branches": 0, "covered_branches": 0, "missing_branches": 50, "percent_branches_covered": 0.0, "percent_branches_covered_display": "0.00"}, "missing_lines": [37, 40, 43, 46, 48, 49, 50, 53, 56, 68, 69, 70, 73, 74, 75, 78, 79, 96, 97, 98, 99, 100, 101, 106, 107, 117, 118, 119, 120, 121, 123, 124, 125, 126, 127, 134, 135, 163, 164, 165, 167, 169, 170, 173, 176, 177, 178, 181, 192, 193, 194, 196, 213, 214, 215, 216, 219, 220, 221, 222, 223, 224, 226, 227, 230, 232, 260, 263, 265, 266, 267, 269, 272, 283, 284, 285, 286, 287, 289, 302, 304, 306, 307, 309, 310, 312, 316, 317, 319, 320, 323, 324, 326, 327, 328, 330, 347, 348, 349, 351, 352, 354, 355, 357, 359, 360, 361, 362, 365, 368, 371, 372, 373, 374, 377, 378, 379, 382, 385, 401, 402, 405, 406, 408, 410, 412, 413, 414, 415, 417, 419], "excluded_lines": [], "executed_branches": [], "missing_branches": [[48, 49], [48, 53], [69, 70], [69, 73], [73, 74], [73, 75], [78, -25], [78, 79], [123, 124], [123, 134], [125, 126], [125, 127], [167, 169], [167, 196], [169, 170], [169, 176], [177, 178], [177, 181], [215, 216], [215, 226], [226, 227], [226, 232], [265, 266], [265, 269], [284, 285], [284, 286], [286, 287], [286, 289], [304, 306], [304, 309], [306, 307], [306, 330], [312, 316], [312, 330], [317, 312], [317, 319], [319, 320], [319, 323], [323, 324], [323, 326], [327, 317], [327, 328], [354, 355], [354, 419], [359, 360], [359, 365], [372, 373], [372, 377], [378, 379], [378, 382]]}}}, "src/bloginator/cli/extract_single.py": {"executed_lines": [1, 3, 4, 5, 6, 8, 9, 11, 12, 18, 24, 25, 26, 29, 50, 53, 56, 58, 59, 60, 62, 65, 78, 79, 81, 82, 83, 86, 87, 90, 99, 100, 102, 103, 106, 107, 108, 110, 111, 113, 114, 115, 117, 120, 148, 149, 210, 235, 236, 237, 239, 240, 242, 243, 245, 247, 248, 249, 250, 253, 260, 269, 271, 274, 289, 292, 295, 296, 297, 298, 301, 304, 320, 321, 324, 325], "summary": {"covered_lines": 75, "num_statements": 110, "percent_covered": 65.54054054054055, "percent_covered_display": "65.54", "missing_lines": 35, "excluded_lines": 0, "percent_statements_covered": 68.18181818181819, "percent_statements_covered_display": "68.18", "num_branches": 38, "num_partial_branches": 4, "covered_branches": 22, "missing_branches": 16, "percent_branches_covered": 57.89473684210526, "percent_branches_covered_display": "57.89"}, "missing_lines": [80, 154, 155, 156, 159, 160, 162, 163, 166, 168, 170, 172, 173, 176, 183, 185, 186, 189, 194, 195, 196, 197, 198, 199, 201, 202, 203, 204, 205, 207, 262, 264, 265, 266, 267], "excluded_lines": [], "executed_branches": [[58, 59], [58, 62], [79, 81], [81, 82], [81, 83], [86, -29], [86, 87], [99, 100], [99, 102], [106, 107], [106, 117], [108, 106], [108, 110], [110, 111], [110, 113], [114, 115], [148, 149], [242, 243], [242, 271], [247, 248], [247, 253], [296, 297]], "missing_branches": [[79, 80], [114, 108], [148, 154], [172, 173], [172, 176], [194, 195], [194, 207], [195, 196], [195, 197], [197, 198], [197, 199], [199, 194], [199, 201], [201, 202], [201, 205], [296, 301]], "functions": {"extract_single_source": {"executed_lines": [50, 53, 56, 58, 59, 60, 62, 65, 78, 79, 81, 82, 83, 86, 87], "summary": {"covered_lines": 15, "num_statements": 16, "percent_covered": 91.66666666666667, "percent_covered_display": "91.67", "missing_lines": 1, "excluded_lines": 0, "percent_statements_covered": 93.75, "percent_statements_covered_display": "93.75", "num_branches": 8, "num_partial_branches": 1, "covered_branches": 7, "missing_branches": 1, "percent_branches_covered": 87.5, "percent_branches_covered_display": "87.50"}, "missing_lines": [80], "excluded_lines": [], "executed_branches": [[58, 59], [58, 62], [79, 81], [81, 82], [81, 83], [86, -29], [86, 87]], "missing_branches": [[79, 80]]}, "_collect_files": {"executed_lines": [99, 100, 102, 103, 106, 107, 108, 110, 111, 113, 114, 115, 117], "summary": {"covered_lines": 13, "num_statements": 13, "percent_covered": 95.65217391304348, "percent_covered_display": "95.65", "missing_lines": 0, "excluded_lines": 0, "percent_statements_covered": 100.0, "percent_statements_covered_display": "100.00", "num_branches": 10, "num_partial_branches": 1, "covered_branches": 9, "missing_branches": 1, "percent_branches_covered": 90.0, "percent_branches_covered_display": "90.00"}, "missing_lines": [], "excluded_lines": [], "executed_branches": [[99, 100], [99, 102], [106, 107], [106, 117], [108, 106], [108, 110], [110, 111], [110, 113], [114, 115]], "missing_branches": [[114, 108]]}, "_process_files": {"executed_lines": [148, 149], "summary": {"covered_lines": 2, "num_statements": 22, "percent_covered": 8.823529411764707, "percent_covered_display": "8.82", "missing_lines": 20, "excluded_lines": 0, "percent_statements_covered": 9.090909090909092, "percent_statements_covered_display": "9.09", "num_branches": 12, "num_partial_branches": 1, "covered_branches": 1, "missing_branches": 11, "percent_branches_covered": 8.333333333333334, "percent_branches_covered_display": "8.33"}, "missing_lines": [154, 155, 156, 159, 160, 162, 166, 189, 194, 195, 196, 197, 198, 199, 201, 202, 203, 204, 205, 207], "excluded_lines": [], "executed_branches": [[148, 149]], "missing_branches": [[148, 154], [194, 195], [194, 207], [195, 196], [195, 197], [197, 198], [197, 199], [199, 194], [199, 201], [201, 202], [201, 205]]}, "_process_files.progress_callback": {"executed_lines": [], "summary": {"covered_lines": 0, "num_statements": 1, "percent_covered": 0.0, "percent_covered_display": "0.00", "missing_lines": 1, "excluded_lines": 0, "percent_statements_covered": 0.0, "percent_statements_covered_display": "0.00", "num_branches": 0, "num_partial_branches": 0, "covered_branches": 0, "missing_branches": 0, "percent_branches_covered": 100.0, "percent_branches_covered_display": "100.00"}, "missing_lines": [163], "excluded_lines": [], "executed_branches": [], "missing_branches": []}, "_process_files.process_file": {"executed_lines": [], "summary": {"covered_lines": 0, "num_statements": 8, "percent_covered": 0.0, "percent_covered_display": "0.00", "missing_lines": 8, "excluded_lines": 0, "percent_statements_covered": 0.0, "percent_statements_covered_display": "0.00", "num_branches": 2, "num_partial_branches": 0, "covered_branches": 0, "missing_branches": 2, "percent_branches_covered": 0.0, "percent_branches_covered_display": "0.00"}, "missing_lines": [168, 170, 172, 173, 176, 183, 185, 186], "excluded_lines": [], "executed_branches": [], "missing_branches": [[172, 173], [172, 176]]}, "_process_files_sequential": {"executed_lines": [235, 236, 237, 239, 240, 242, 243, 245, 247, 248, 249, 250, 253, 260, 269, 271], "summary": {"covered_lines": 16, "num_statements": 21, "percent_covered": 80.0, "percent_covered_display": "80.00", "missing_lines": 5, "excluded_lines": 0, "percent_statements_covered": 76.19047619047619, "percent_statements_covered_display": "76.19", "num_branches": 4, "num_partial_branches": 0, "covered_branches": 4, "missing_branches": 0, "percent_branches_covered": 100.0, "percent_branches_covered_display": "100.00"}, "missing_lines": [262, 264, 265, 266, 267], "excluded_lines": [], "executed_branches": [[242, 243], [242, 271], [247, 248], [247, 253]], "missing_branches": []}, "_extract_and_save_document": {"executed_lines": [289, 292, 295, 296, 297, 298, 301, 304, 320, 321, 324, 325], "summary": {"covered_lines": 12, "num_statements": 12, "percent_covered": 92.85714285714286, "percent_covered_display": "92.86", "missing_lines": 0, "excluded_lines": 0, "percent_statements_covered": 100.0, "percent_statements_covered_display": "100.00", "num_branches": 2, "num_partial_branches": 1, "covered_branches": 1, "missing_branches": 1, "percent_branches_covered": 50.0, "percent_branches_covered_display": "50.00"}, "missing_lines": [], "excluded_lines": [], "executed_branches": [[296, 297]], "missing_branches": [[296, 301]]}, "": {"executed_lines": [1, 3, 4, 5, 6, 8, 9, 11, 12, 18, 24, 25, 26, 29, 90, 120, 210, 274], "summary": {"covered_lines": 17, "num_statements": 17, "percent_covered": 100.0, "percent_covered_display": "100.00", "missing_lines": 0, "excluded_lines": 0, "percent_statements_covered": 100.0, "percent_statements_covered_display": "100.00", "num_branches": 0, "num_partial_branches": 0, "covered_branches": 0, "missing_branches": 0, "percent_branches_covered": 100.0, "percent_branches_covered_display": "100.00"}, "missing_lines": [], "excluded_lines": [], "executed_branches": [], "missing_branches": []}}, "classes": {"": {"executed_lines": [1, 3, 4, 5, 6, 8, 9, 11, 12, 18, 24, 25, 26, 29, 50, 53, 56, 58, 59, 60, 62, 65, 78, 79, 81, 82, 83, 86, 87, 90, 99, 100, 102, 103, 106, 107, 108, 110, 111, 113, 114, 115, 117, 120, 148, 149, 210, 235, 236, 237, 239, 240, 242, 243, 245, 247, 248, 249, 250, 253, 260, 269, 271, 274, 289, 292, 295, 296, 297, 298, 301, 304, 320, 321, 324, 325], "summary": {"covered_lines": 75, "num_statements": 110, "percent_covered": 65.54054054054055, "percent_covered_display": "65.54", "missing_lines": 35, "excluded_lines": 0, "percent_statements_covered": 68.18181818181819, "percent_statements_covered_display": "68.18", "num_branches": 38, "num_partial_branches": 4, "covered_branches": 22, "missing_branches": 16, "percent_branches_covered": 57.89473684210526, "percent_branches_covered_display": "57.89"}, "missing_lines": [80, 154, 155, 156, 159, 160, 162, 163, 166, 168, 170, 172, 173, 176, 183, 185, 186, 189, 194, 195, 196, 197, 198, 199, 201, 202, 203, 204, 205, 207, 262, 264, 265, 266, 267], "excluded_lines": [], "executed_branches": [[58, 59], [58, 62], [79, 81], [81, 82], [81, 83], [86, -29], [86, 87], [99, 100], [99, 102], [106, 107], [106, 117], [108, 106], [108, 110], [110, 111], [110, 113], [114, 115], [148, 149], [242, 243], [242, 271], [247, 248], [247, 253], [296, 297]], "missing_branches": [[79, 80], [114, 108], [148, 154], [172, 173], [172, 176], [194, 195], [194, 207], [195, 196], [195, 197], [197, 198], [197, 199], [199, 194], [199, 201], [201, 202], [201, 205], [296, 301]]}}}, "src/bloginator/cli/extract_utils.py": {"executed_lines": [1, 3, 4, 5, 8, 23, 25, 29, 30, 31, 32, 34, 35, 36, 38, 40, 41, 46, 49, 65, 69, 70, 73, 74, 75, 77, 80, 81, 85, 86, 95, 101, 104, 113], "summary": {"covered_lines": 33, "num_statements": 40, "percent_covered": 79.62962962962963, "percent_covered_display": "79.63", "missing_lines": 7, "excluded_lines": 0, "percent_statements_covered": 82.5, "percent_statements_covered_display": "82.50", "num_branches": 14, "num_partial_branches": 4, "covered_branches": 10, "missing_branches": 4, "percent_branches_covered": 71.42857142857143, "percent_branches_covered_display": "71.43"}, "missing_lines": [26, 42, 44, 66, 87, 89, 92], "excluded_lines": [], "executed_branches": [[25, 29], [29, 30], [29, 46], [38, 40], [65, 69], [69, 70], [69, 73], [74, 75], [74, 77], [85, 86]], "missing_branches": [[25, 26], [38, 29], [65, 66], [85, 92]], "functions": {"load_existing_extractions": {"executed_lines": [23, 25, 29, 30, 31, 32, 34, 35, 36, 38, 40, 41, 46], "summary": {"covered_lines": 13, "num_statements": 16, "percent_covered": 77.27272727272727, "percent_covered_display": "77.27", "missing_lines": 3, "excluded_lines": 0, "percent_statements_covered": 81.25, "percent_statements_covered_display": "81.25", "num_branches": 6, "num_partial_branches": 2, "covered_branches": 4, "missing_branches": 2, "percent_branches_covered": 66.66666666666667, "percent_branches_covered_display": "66.67"}, "missing_lines": [26, 42, 44], "excluded_lines": [], "executed_branches": [[25, 29], [29, 30], [29, 46], [38, 40]], "missing_branches": [[25, 26], [38, 29]]}, "should_skip_file": {"executed_lines": [65, 69, 70, 73, 74, 75, 77, 80, 81, 85, 86], "summary": {"covered_lines": 11, "num_statements": 15, "percent_covered": 73.91304347826087, "percent_covered_display": "73.91", "missing_lines": 4, "excluded_lines": 0, "percent_statements_covered": 73.33333333333333, "percent_statements_covered_display": "73.33", "num_branches": 8, "num_partial_branches": 2, "covered_branches": 6, "missing_branches": 2, "percent_branches_covered": 75.0, "percent_branches_covered_display": "75.00"}, "missing_lines": [66, 87, 89, 92], "excluded_lines": [], "executed_branches": [[65, 69], [69, 70], [69, 73], [74, 75], [74, 77], [85, 86]], "missing_branches": [[65, 66], [85, 92]]}, "get_supported_extensions": {"executed_lines": [101], "summary": {"covered_lines": 1, "num_statements": 1, "percent_covered": 100.0, "percent_covered_display": "100.00", "missing_lines": 0, "excluded_lines": 0, "percent_statements_covered": 100.0, "percent_statements_covered_display": "100.00", "num_branches": 0, "num_partial_branches": 0, "covered_branches": 0, "missing_branches": 0, "percent_branches_covered": 100.0, "percent_branches_covered_display": "100.00"}, "missing_lines": [], "excluded_lines": [], "executed_branches": [], "missing_branches": []}, "is_temp_file": {"executed_lines": [113], "summary": {"covered_lines": 1, "num_statements": 1, "percent_covered": 100.0, "percent_covered_display": "100.00", "missing_lines": 0, "excluded_lines": 0, "percent_statements_covered": 100.0, "percent_statements_covered_display": "100.00", "num_branches": 0, "num_partial_branches": 0, "covered_branches": 0, "missing_branches": 0, "percent_branches_covered": 100.0, "percent_branches_covered_display": "100.00"}, "missing_lines": [], "excluded_lines": [], "executed_branches": [], "missing_branches": []}, "": {"executed_lines": [1, 3, 4, 5, 8, 49, 95, 104], "summary": {"covered_lines": 7, "num_statements": 7, "percent_covered": 100.0, "percent_covered_display": "100.00", "missing_lines": 0, "excluded_lines": 0, "percent_statements_covered": 100.0, "percent_statements_covered_display": "100.00", "num_branches": 0, "num_partial_branches": 0, "covered_branches": 0, "missing_branches": 0, "percent_branches_covered": 100.0, "percent_branches_covered_display": "100.00"}, "missing_lines": [], "excluded_lines": [], "executed_branches": [], "missing_branches": []}}, "classes": {"": {"executed_lines": [1, 3, 4, 5, 8, 23, 25, 29, 30, 31, 32, 34, 35, 36, 38, 40, 41, 46, 49, 65, 69, 70, 73, 74, 75, 77, 80, 81, 85, 86, 95, 101, 104, 113], "summary": {"covered_lines": 33, "num_statements": 40, "percent_covered": 79.62962962962963, "percent_covered_display": "79.63", "missing_lines": 7, "excluded_lines": 0, "percent_statements_covered": 82.5, "percent_statements_covered_display": "82.50", "num_branches": 14, "num_partial_branches": 4, "covered_branches": 10, "missing_branches": 4, "percent_branches_covered": 71.42857142857143, "percent_branches_covered_display": "71.43"}, "missing_lines": [26, 42, 44, 66, 87, 89, 92], "excluded_lines": [], "executed_branches": [[25, 29], [29, 30], [29, 46], [38, 40], [65, 69], [69, 70], [69, 73], [74, 75], [74, 77], [85, 86]], "missing_branches": [[25, 26], [38, 29], [65, 66], [85, 92]]}}}, "src/bloginator/cli/history.py": {"executed_lines": [1, 3, 5, 6, 7, 9, 12, 13, 18, 19, 25, 29, 33, 39, 44, 104, 105, 106, 111, 163, 164, 165, 170, 171, 187, 188, 193, 194, 210, 211, 212, 219, 226, 231], "summary": {"covered_lines": 33, "num_statements": 113, "percent_covered": 23.741007194244606, "percent_covered_display": "23.74", "missing_lines": 80, "excluded_lines": 0, "percent_statements_covered": 29.20353982300885, "percent_statements_covered_display": "29.20", "num_branches": 26, "num_partial_branches": 0, "covered_branches": 0, "missing_branches": 26, "percent_branches_covered": 0.0, "percent_branches_covered_display": "0.00"}, "missing_lines": [15, 66, 67, 70, 77, 78, 79, 82, 83, 84, 85, 86, 87, 88, 90, 91, 100, 101, 118, 119, 122, 123, 124, 125, 128, 129, 130, 133, 136, 137, 138, 139, 140, 141, 142, 145, 146, 147, 148, 149, 150, 153, 154, 155, 156, 157, 158, 160, 178, 179, 181, 182, 184, 203, 204, 206, 207, 246, 247, 250, 251, 252, 253, 256, 257, 258, 261, 262, 263, 266, 277, 278, 280, 281, 282, 284, 286, 288, 290, 291], "excluded_lines": [], "executed_branches": [], "missing_branches": [[77, 78], [77, 82], [90, 91], [90, 100], [123, 124], [123, 128], [145, 146], [145, 153], [148, 149], [148, 150], [153, 154], [153, 160], [156, 157], [156, 158], [181, 182], [181, 184], [251, 252], [251, 256], [256, 257], [256, 261], [262, 263], [262, 266], [277, 278], [277, 280], [281, 282], [281, 284]], "functions": {"history": {"executed_lines": [], "summary": {"covered_lines": 0, "num_statements": 1, "percent_covered": 0.0, "percent_covered_display": "0.00", "missing_lines": 1, "excluded_lines": 0, "percent_statements_covered": 0.0, "percent_statements_covered_display": "0.00", "num_branches": 0, "num_partial_branches": 0, "covered_branches": 0, "missing_branches": 0, "percent_branches_covered": 100.0, "percent_branches_covered_display": "100.00"}, "missing_lines": [15], "excluded_lines": [], "executed_branches": [], "missing_branches": []}, "list_history": {"executed_lines": [], "summary": {"covered_lines": 0, "num_statements": 17, "percent_covered": 0.0, "percent_covered_display": "0.00", "missing_lines": 17, "excluded_lines": 0, "percent_statements_covered": 0.0, "percent_statements_covered_display": "0.00", "num_branches": 4, "num_partial_branches": 0, "covered_branches": 0, "missing_branches": 4, "percent_branches_covered": 0.0, "percent_branches_covered_display": "0.00"}, "missing_lines": [66, 67, 70, 77, 78, 79, 82, 83, 84, 85, 86, 87, 88, 90, 91, 100, 101], "excluded_lines": [], "executed_branches": [], "missing_branches": [[77, 78], [77, 82], [90, 91], [90, 100]]}, "show_entry": {"executed_lines": [], "summary": {"covered_lines": 0, "num_statements": 30, "percent_covered": 0.0, "percent_covered_display": "0.00", "missing_lines": 30, "excluded_lines": 0, "percent_statements_covered": 0.0, "percent_statements_covered_display": "0.00", "num_branches": 10, "num_partial_branches": 0, "covered_branches": 0, "missing_branches": 10, "percent_branches_covered": 0.0, "percent_branches_covered_display": "0.00"}, "missing_lines": [118, 119, 122, 123, 124, 125, 128, 129, 130, 133, 136, 137, 138, 139, 140, 141, 142, 145, 146, 147, 148, 149, 150, 153, 154, 155, 156, 157, 158, 160], "excluded_lines": [], "executed_branches": [], "missing_branches": [[123, 124], [123, 128], [145, 146], [145, 153], [148, 149], [148, 150], [153, 154], [153, 160], [156, 157], [156, 158]]}, "delete_entry": {"executed_lines": [], "summary": {"covered_lines": 0, "num_statements": 5, "percent_covered": 0.0, "percent_covered_display": "0.00", "missing_lines": 5, "excluded_lines": 0, "percent_statements_covered": 0.0, "percent_statements_covered_display": "0.00", "num_branches": 2, "num_partial_branches": 0, "covered_branches": 0, "missing_branches": 2, "percent_branches_covered": 0.0, "percent_branches_covered_display": "0.00"}, "missing_lines": [178, 179, 181, 182, 184], "excluded_lines": [], "executed_branches": [], "missing_branches": [[181, 182], [181, 184]]}, "clear_history": {"executed_lines": [], "summary": {"covered_lines": 0, "num_statements": 4, "percent_covered": 0.0, "percent_covered_display": "0.00", "missing_lines": 4, "excluded_lines": 0, "percent_statements_covered": 0.0, "percent_statements_covered_display": "0.00", "num_branches": 0, "num_partial_branches": 0, "covered_branches": 0, "missing_branches": 0, "percent_branches_covered": 100.0, "percent_branches_covered_display": "100.00"}, "missing_lines": [203, 204, 206, 207], "excluded_lines": [], "executed_branches": [], "missing_branches": []}, "export_entry": {"executed_lines": [], "summary": {"covered_lines": 0, "num_statements": 23, "percent_covered": 0.0, "percent_covered_display": "0.00", "missing_lines": 23, "excluded_lines": 0, "percent_statements_covered": 0.0, "percent_statements_covered_display": "0.00", "num_branches": 10, "num_partial_branches": 0, "covered_branches": 0, "missing_branches": 10, "percent_branches_covered": 0.0, "percent_branches_covered_display": "0.00"}, "missing_lines": [246, 247, 250, 251, 252, 253, 256, 257, 258, 261, 262, 263, 266, 277, 278, 280, 281, 282, 284, 286, 288, 290, 291], "excluded_lines": [], "executed_branches": [], "missing_branches": [[251, 252], [251, 256], [256, 257], [256, 261], [262, 263], [262, 266], [277, 278], [277, 280], [281, 282], [281, 284]]}, "": {"executed_lines": [1, 3, 5, 6, 7, 9, 12, 13, 18, 19, 25, 29, 33, 39, 44, 104, 105, 106, 111, 163, 164, 165, 170, 171, 187, 188, 193, 194, 210, 211, 212, 219, 226, 231], "summary": {"covered_lines": 33, "num_statements": 33, "percent_covered": 100.0, "percent_covered_display": "100.00", "missing_lines": 0, "excluded_lines": 0, "percent_statements_covered": 100.0, "percent_statements_covered_display": "100.00", "num_branches": 0, "num_partial_branches": 0, "covered_branches": 0, "missing_branches": 0, "percent_branches_covered": 100.0, "percent_branches_covered_display": "100.00"}, "missing_lines": [], "excluded_lines": [], "executed_branches": [], "missing_branches": []}}, "classes": {"": {"executed_lines": [1, 3, 5, 6, 7, 9, 12, 13, 18, 19, 25, 29, 33, 39, 44, 104, 105, 106, 111, 163, 164, 165, 170, 171, 187, 188, 193, 194, 210, 211, 212, 219, 226, 231], "summary": {"covered_lines": 33, "num_statements": 113, "percent_covered": 23.741007194244606, "percent_covered_display": "23.74", "missing_lines": 80, "excluded_lines": 0, "percent_statements_covered": 29.20353982300885, "percent_statements_covered_display": "29.20", "num_branches": 26, "num_partial_branches": 0, "covered_branches": 0, "missing_branches": 26, "percent_branches_covered": 0.0, "percent_branches_covered_display": "0.00"}, "missing_lines": [15, 66, 67, 70, 77, 78, 79, 82, 83, 84, 85, 86, 87, 88, 90, 91, 100, 101, 118, 119, 122, 123, 124, 125, 128, 129, 130, 133, 136, 137, 138, 139, 140, 141, 142, 145, 146, 147, 148, 149, 150, 153, 154, 155, 156, 157, 158, 160, 178, 179, 181, 182, 184, 203, 204, 206, 207, 246, 247, 250, 251, 252, 253, 256, 257, 258, 261, 262, 263, 266, 277, 278, 280, 281, 282, 284, 286, 288, 290, 291], "excluded_lines": [], "executed_branches": [], "missing_branches": [[77, 78], [77, 82], [90, 91], [90, 100], [123, 124], [123, 128], [145, 146], [145, 153], [148, 149], [148, 150], [153, 154], [153, 160], [156, 157], [156, 158], [181, 182], [181, 184], [251, 252], [251, 256], [256, 257], [256, 261], [262, 263], [262, 266], [277, 278], [277, 280], [281, 282], [281, 284]]}}}, "src/bloginator/cli/index.py": {"executed_lines": [1, 3, 4, 6, 7, 8, 10, 11, 12, 13, 16, 17, 18, 25, 31, 41, 44, 47, 49, 50, 55, 56, 58, 61, 62, 63, 64, 65, 66, 71, 72, 74, 75, 76, 78, 79, 81, 82, 84, 85, 122, 124, 125, 126, 127, 128, 130, 133, 135, 136, 140, 141, 143, 144, 145, 146, 149, 150], "summary": {"covered_lines": 57, "num_statements": 77, "percent_covered": 68.81720430107526, "percent_covered_display": "68.82", "missing_lines": 20, "excluded_lines": 0, "percent_statements_covered": 74.02597402597402, "percent_statements_covered_display": "74.03", "num_branches": 16, "num_partial_branches": 3, "covered_branches": 7, "missing_branches": 9, "percent_branches_covered": 43.75, "percent_branches_covered_display": "43.75"}, "missing_lines": [88, 89, 90, 91, 94, 95, 98, 99, 100, 101, 102, 103, 104, 105, 106, 108, 111, 118, 120, 137], "excluded_lines": [], "executed_branches": [[49, 50], [49, 58], [81, 82], [81, 133], [136, 140], [140, 141], [149, 150]], "missing_branches": [[88, 89], [88, 94], [94, 95], [94, 98], [99, 100], [99, 108], [136, 137], [140, 143], [149, -16]], "functions": {"index": {"executed_lines": [41, 44, 47, 49, 50, 55, 56, 58, 61, 62, 63, 64, 65, 66, 71, 72, 74, 75, 76, 78, 79, 81, 82, 84, 85, 122, 124, 125, 126, 127, 128, 130, 133, 135, 136, 140, 141, 143, 144, 145, 146, 149, 150], "summary": {"covered_lines": 43, "num_statements": 63, "percent_covered": 63.29113924050633, "percent_covered_display": "63.29", "missing_lines": 20, "excluded_lines": 0, "percent_statements_covered": 68.25396825396825, "percent_statements_covered_display": "68.25", "num_branches": 16, "num_partial_branches": 3, "covered_branches": 7, "missing_branches": 9, "percent_branches_covered": 43.75, "percent_branches_covered_display": "43.75"}, "missing_lines": [88, 89, 90, 91, 94, 95, 98, 99, 100, 101, 102, 103, 104, 105, 106, 108, 111, 118, 120, 137], "excluded_lines": [], "executed_branches": [[49, 50], [49, 58], [81, 82], [81, 133], [136, 140], [140, 141], [149, 150]], "missing_branches": [[88, 89], [88, 94], [94, 95], [94, 98], [99, 100], [99, 108], [136, 137], [140, 143], [149, -16]]}, "": {"executed_lines": [1, 3, 4, 6, 7, 8, 10, 11, 12, 13, 16, 17, 18, 25, 31], "summary": {"covered_lines": 14, "num_statements": 14, "percent_covered": 100.0, "percent_covered_display": "100.00", "missing_lines": 0, "excluded_lines": 0, "percent_statements_covered": 100.0, "percent_statements_covered_display": "100.00", "num_branches": 0, "num_partial_branches": 0, "covered_branches": 0, "missing_branches": 0, "percent_branches_covered": 100.0, "percent_branches_covered_display": "100.00"}, "missing_lines": [], "excluded_lines": [], "executed_branches": [], "missing_branches": []}}, "classes": {"": {"executed_lines": [1, 3, 4, 6, 7, 8, 10, 11, 12, 13, 16, 17, 18, 25, 31, 41, 44, 47, 49, 50, 55, 56, 58, 61, 62, 63, 64, 65, 66, 71, 72, 74, 75, 76, 78, 79, 81, 82, 84, 85, 122, 124, 125, 126, 127, 128, 130, 133, 135, 136, 140, 141, 143, 144, 145, 146, 149, 150], "summary": {"covered_lines": 57, "num_statements": 77, "percent_covered": 68.81720430107526, "percent_covered_display": "68.82", "missing_lines": 20, "excluded_lines": 0, "percent_statements_covered": 74.02597402597402, "percent_statements_covered_display": "74.03", "num_branches": 16, "num_partial_branches": 3, "covered_branches": 7, "missing_branches": 9, "percent_branches_covered": 43.75, "percent_branches_covered_display": "43.75"}, "missing_lines": [88, 89, 90, 91, 94, 95, 98, 99, 100, 101, 102, 103, 104, 105, 106, 108, 111, 118, 120, 137], "excluded_lines": [], "executed_branches": [[49, 50], [49, 58], [81, 82], [81, 133], [136, 140], [140, 141], [149, 150]], "missing_branches": [[88, 89], [88, 94], [94, 95], [94, 98], [99, 100], [99, 108], [136, 137], [140, 143], [149, -16]]}}}, "src/bloginator/cli/main.py": {"executed_lines": [1, 3, 5, 6, 7, 8, 9, 10, 11, 12, 13, 14, 15, 16, 17, 20, 21, 22, 23, 60, 64, 65, 66, 67, 68, 69, 70, 71, 72, 73, 74, 75, 78, 79, 81, 82, 85], "summary": {"covered_lines": 35, "num_statements": 35, "percent_covered": 100.0, "percent_covered_display": "100.00", "missing_lines": 0, "excluded_lines": 2, "percent_statements_covered": 100.0, "percent_statements_covered_display": "100.00", "num_branches": 0, "num_partial_branches": 0, "covered_branches": 0, "missing_branches": 0, "percent_branches_covered": 100.0, "percent_branches_covered_display": "100.00"}, "missing_lines": [], "excluded_lines": [85, 86], "executed_branches": [], "missing_branches": [], "functions": {"cli": {"executed_lines": [60], "summary": {"covered_lines": 1, "num_statements": 1, "percent_covered": 100.0, "percent_covered_display": "100.00", "missing_lines": 0, "excluded_lines": 0, "percent_statements_covered": 100.0, "percent_statements_covered_display": "100.00", "num_branches": 0, "num_partial_branches": 0, "covered_branches": 0, "missing_branches": 0, "percent_branches_covered": 100.0, "percent_branches_covered_display": "100.00"}, "missing_lines": [], "excluded_lines": [], "executed_branches": [], "missing_branches": []}, "version": {"executed_lines": [81, 82], "summary": {"covered_lines": 2, "num_statements": 2, "percent_covered": 100.0, "percent_covered_display": "100.00", "missing_lines": 0, "excluded_lines": 0, "percent_statements_covered": 100.0, "percent_statements_covered_display": "100.00", "num_branches": 0, "num_partial_branches": 0, "covered_branches": 0, "missing_branches": 0, "percent_branches_covered": 100.0, "percent_branches_covered_display": "100.00"}, "missing_lines": [], "excluded_lines": [], "executed_branches": [], "missing_branches": []}, "": {"executed_lines": [1, 3, 5, 6, 7, 8, 9, 10, 11, 12, 13, 14, 15, 16, 17, 20, 21, 22, 23, 64, 65, 66, 67, 68, 69, 70, 71, 72, 73, 74, 75, 78, 79, 85], "summary": {"covered_lines": 32, "num_statements": 32, "percent_covered": 100.0, "percent_covered_display": "100.00", "missing_lines": 0, "excluded_lines": 2, "percent_statements_covered": 100.0, "percent_statements_covered_display": "100.00", "num_branches": 0, "num_partial_branches": 0, "covered_branches": 0, "missing_branches": 0, "percent_branches_covered": 100.0, "percent_branches_covered_display": "100.00"}, "missing_lines": [], "excluded_lines": [85, 86], "executed_branches": [], "missing_branches": []}}, "classes": {"": {"executed_lines": [1, 3, 5, 6, 7, 8, 9, 10, 11, 12, 13, 14, 15, 16, 17, 20, 21, 22, 23, 60, 64, 65, 66, 67, 68, 69, 70, 71, 72, 73, 74, 75, 78, 79, 81, 82, 85], "summary": {"covered_lines": 35, "num_statements": 35, "percent_covered": 100.0, "percent_covered_display": "100.00", "missing_lines": 0, "excluded_lines": 2, "percent_statements_covered": 100.0, "percent_statements_covered_display": "100.00", "num_branches": 0, "num_partial_branches": 0, "covered_branches": 0, "missing_branches": 0, "percent_branches_covered": 100.0, "percent_branches_covered_display": "100.00"}, "missing_lines": [], "excluded_lines": [85, 86], "executed_branches": [], "missing_branches": []}}}, "src/bloginator/cli/outline.py": {"executed_lines": [1, 3, 4, 6, 7, 8, 9, 11, 12, 13, 14, 15, 16, 17, 20, 21, 28, 33, 38, 43, 49, 68, 75, 81, 86, 93, 100, 106, 111, 116, 122, 372], "summary": {"covered_lines": 31, "num_statements": 150, "percent_covered": 17.613636363636363, "percent_covered_display": "17.61", "missing_lines": 119, "excluded_lines": 0, "percent_statements_covered": 20.666666666666668, "percent_statements_covered_display": "20.67", "num_branches": 26, "num_partial_branches": 0, "covered_branches": 0, "missing_branches": 26, "percent_branches_covered": 0.0, "percent_branches_covered_display": "0.00"}, "missing_lines": [174, 175, 176, 181, 182, 183, 185, 186, 188, 191, 192, 194, 195, 196, 199, 205, 206, 207, 208, 209, 210, 211, 212, 213, 214, 217, 218, 219, 222, 223, 224, 225, 226, 227, 228, 229, 232, 233, 240, 241, 242, 243, 244, 251, 252, 253, 254, 255, 258, 259, 260, 264, 274, 275, 276, 277, 278, 279, 282, 283, 286, 287, 288, 290, 291, 292, 295, 296, 297, 298, 299, 300, 303, 304, 305, 308, 309, 310, 311, 314, 315, 316, 318, 319, 320, 321, 322, 325, 326, 327, 348, 349, 350, 352, 354, 355, 356, 357, 360, 361, 364, 365, 366, 369, 376, 377, 379, 380, 381, 382, 383, 384, 386, 387, 390, 395, 396, 399, 400], "excluded_lines": [], "executed_branches": [], "missing_branches": [[174, 175], [174, 185], [194, 195], [194, 199], [241, 242], [241, 258], [290, 291], [290, 292], [308, 309], [308, 360], [310, 311], [310, 318], [318, 319], [318, 325], [364, -20], [364, 365], [377, -372], [377, 379], [379, 380], [379, 382], [382, 383], [382, 386], [395, 396], [395, 399], [399, 377], [399, 400]], "functions": {"outline": {"executed_lines": [], "summary": {"covered_lines": 0, "num_statements": 104, "percent_covered": 0.0, "percent_covered_display": "0.00", "missing_lines": 104, "excluded_lines": 0, "percent_statements_covered": 0.0, "percent_statements_covered_display": "0.00", "num_branches": 16, "num_partial_branches": 0, "covered_branches": 0, "missing_branches": 16, "percent_branches_covered": 0.0, "percent_branches_covered_display": "0.00"}, "missing_lines": [174, 175, 176, 181, 182, 183, 185, 186, 188, 191, 192, 194, 195, 196, 199, 205, 206, 207, 208, 209, 210, 211, 212, 213, 214, 217, 218, 219, 222, 223, 224, 225, 226, 227, 228, 229, 232, 233, 240, 241, 242, 243, 244, 251, 252, 253, 254, 255, 258, 259, 260, 264, 274, 275, 276, 277, 278, 279, 282, 283, 286, 287, 288, 290, 291, 292, 295, 296, 297, 298, 299, 300, 303, 304, 305, 308, 309, 310, 311, 314, 315, 316, 318, 319, 320, 321, 322, 325, 326, 327, 348, 349, 350, 352, 354, 355, 356, 357, 360, 361, 364, 365, 366, 369], "excluded_lines": [], "executed_branches": [], "missing_branches": [[174, 175], [174, 185], [194, 195], [194, 199], [241, 242], [241, 258], [290, 291], [290, 292], [308, 309], [308, 360], [310, 311], [310, 318], [318, 319], [318, 325], [364, -20], [364, 365]]}, "_display_section_coverage": {"executed_lines": [], "summary": {"covered_lines": 0, "num_statements": 15, "percent_covered": 0.0, "percent_covered_display": "0.00", "missing_lines": 15, "excluded_lines": 0, "percent_statements_covered": 0.0, "percent_statements_covered_display": "0.00", "num_branches": 10, "num_partial_branches": 0, "covered_branches": 0, "missing_branches": 10, "percent_branches_covered": 0.0, "percent_branches_covered_display": "0.00"}, "missing_lines": [376, 377, 379, 380, 381, 382, 383, 384, 386, 387, 390, 395, 396, 399, 400], "excluded_lines": [], "executed_branches": [], "missing_branches": [[377, -372], [377, 379], [379, 380], [379, 382], [382, 383], [382, 386], [395, 396], [395, 399], [399, 377], [399, 400]]}, "": {"executed_lines": [1, 3, 4, 6, 7, 8, 9, 11, 12, 13, 14, 15, 16, 17, 20, 21, 28, 33, 38, 43, 49, 68, 75, 81, 86, 93, 100, 106, 111, 116, 122, 372], "summary": {"covered_lines": 31, "num_statements": 31, "percent_covered": 100.0, "percent_covered_display": "100.00", "missing_lines": 0, "excluded_lines": 0, "percent_statements_covered": 100.0, "percent_statements_covered_display": "100.00", "num_branches": 0, "num_partial_branches": 0, "covered_branches": 0, "missing_branches": 0, "percent_branches_covered": 100.0, "percent_branches_covered_display": "100.00"}, "missing_lines": [], "excluded_lines": [], "executed_branches": [], "missing_branches": []}}, "classes": {"": {"executed_lines": [1, 3, 4, 6, 7, 8, 9, 11, 12, 13, 14, 15, 16, 17, 20, 21, 28, 33, 38, 43, 49, 68, 75, 81, 86, 93, 100, 106, 111, 116, 122, 372], "summary": {"covered_lines": 31, "num_statements": 150, "percent_covered": 17.613636363636363, "percent_covered_display": "17.61", "missing_lines": 119, "excluded_lines": 0, "percent_statements_covered": 20.666666666666668, "percent_statements_covered_display": "20.67", "num_branches": 26, "num_partial_branches": 0, "covered_branches": 0, "missing_branches": 26, "percent_branches_covered": 0.0, "percent_branches_covered_display": "0.00"}, "missing_lines": [174, 175, 176, 181, 182, 183, 185, 186, 188, 191, 192, 194, 195, 196, 199, 205, 206, 207, 208, 209, 210, 211, 212, 213, 214, 217, 218, 219, 222, 223, 224, 225, 226, 227, 228, 229, 232, 233, 240, 241, 242, 243, 244, 251, 252, 253, 254, 255, 258, 259, 260, 264, 274, 275, 276, 277, 278, 279, 282, 283, 286, 287, 288, 290, 291, 292, 295, 296, 297, 298, 299, 300, 303, 304, 305, 308, 309, 310, 311, 314, 315, 316, 318, 319, 320, 321, 322, 325, 326, 327, 348, 349, 350, 352, 354, 355, 356, 357, 360, 361, 364, 365, 366, 369, 376, 377, 379, 380, 381, 382, 383, 384, 386, 387, 390, 395, 396, 399, 400], "excluded_lines": [], "executed_branches": [], "missing_branches": [[174, 175], [174, 185], [194, 195], [194, 199], [241, 242], [241, 258], [290, 291], [290, 292], [308, 309], [308, 360], [310, 311], [310, 318], [318, 319], [318, 325], [364, -20], [364, 365], [377, -372], [377, 379], [379, 380], [379, 382], [382, 383], [382, 386], [395, 396], [395, 399], [399, 377], [399, 400]]}}}, "src/bloginator/cli/refine.py": {"executed_lines": [1, 3, 4, 5, 7, 8, 9, 11, 12, 13, 14, 15, 16, 17, 20, 21, 24, 25, 32, 39, 46, 52, 58, 63, 68, 73, 78, 83, 116, 118, 120, 121, 122, 124, 127, 130, 132, 133, 135, 137, 138, 145, 153, 156, 157, 161, 164, 165, 167, 168, 171, 174, 176, 184, 192, 199, 200, 201, 202, 203, 204, 205, 208, 209, 211, 212, 219, 222, 224, 225, 226, 227, 230, 242, 244, 245, 246, 247, 250, 251, 253, 254, 256, 264, 272, 273, 274, 276, 284, 285, 287, 294, 297], "summary": {"covered_lines": 92, "num_statements": 96, "percent_covered": 92.5925925925926, "percent_covered_display": "92.59", "missing_lines": 4, "excluded_lines": 0, "percent_statements_covered": 95.83333333333333, "percent_statements_covered_display": "95.83", "num_branches": 12, "num_partial_branches": 4, "covered_branches": 8, "missing_branches": 4, "percent_branches_covered": 66.66666666666667, "percent_branches_covered_display": "66.67"}, "missing_lines": [139, 158, 159, 298], "excluded_lines": [], "executed_branches": [[138, 145], [157, 161], [199, 200], [199, 208], [203, 204], [272, 273], [272, 284], [297, -230]], "missing_branches": [[138, 139], [157, 158], [203, 208], [297, 298]], "functions": {"refine": {"executed_lines": [116, 118, 120, 121, 122, 124, 127, 130, 132, 133, 135, 137, 138, 145, 153, 156, 157, 161, 164, 16
[...]
atements_covered_display": "0.00", "num_branches": 6, "num_partial_branches": 0, "covered_branches": 0, "missing_branches": 6, "percent_branches_covered": 0.0, "percent_branches_covered_display": "0.00"}, "missing_lines": [61, 62, 65, 66, 69, 70, 71, 72, 73, 74, 75, 78, 79, 80, 82, 84, 85, 86, 87, 93, 94, 95, 100], "excluded_lines": [], "executed_branches": [], "missing_branches": [[61, 62], [61, 65], [70, 71], [70, 78], [85, 86], [85, 100]]}, "create_index": {"executed_lines": [], "summary": {"covered_lines": 0, "num_statements": 8, "percent_covered": 0.0, "percent_covered_display": "0.00", "missing_lines": 8, "excluded_lines": 1, "percent_statements_covered": 0.0, "percent_statements_covered_display": "0.00", "num_branches": 2, "num_partial_branches": 0, "covered_branches": 0, "missing_branches": 2, "percent_branches_covered": 0.0, "percent_branches_covered_display": "0.00"}, "missing_lines": [128, 129, 130, 132, 140, 141, 142, 143], "excluded_lines": [136], "executed_branches": [], "missing_branches": [[129, 130], [129, 132]]}, "get_index_stats": {"executed_lines": [], "summary": {"covered_lines": 0, "num_statements": 8, "percent_covered": 0.0, "percent_covered_display": "0.00", "missing_lines": 8, "excluded_lines": 1, "percent_statements_covered": 0.0, "percent_statements_covered_display": "0.00", "num_branches": 2, "num_partial_branches": 0, "covered_branches": 0, "missing_branches": 2, "percent_branches_covered": 0.0, "percent_branches_covered_display": "0.00"}, "missing_lines": [156, 157, 158, 160, 168, 169, 170, 171], "excluded_lines": [164], "executed_branches": [], "missing_branches": [[157, 158], [157, 160]]}, "add_blocklist_entry": {"executed_lines": [], "summary": {"covered_lines": 0, "num_statements": 7, "percent_covered": 0.0, "percent_covered_display": "0.00", "missing_lines": 7, "excluded_lines": 0, "percent_statements_covered": 0.0, "percent_statements_covered_display": "0.00", "num_branches": 0, "num_partial_branches": 0, "covered_branches": 0, "missing_branches": 0, "percent_branches_covered": 100.0, "percent_branches_covered_display": "100.00"}, "missing_lines": [188, 189, 191, 193, 200, 208, 209], "excluded_lines": [], "executed_branches": [], "missing_branches": []}, "list_blocklist_entries": {"executed_lines": [], "summary": {"covered_lines": 0, "num_statements": 5, "percent_covered": 0.0, "percent_covered_display": "0.00", "missing_lines": 5, "excluded_lines": 0, "percent_statements_covered": 0.0, "percent_statements_covered_display": "0.00", "num_branches": 0, "num_partial_branches": 0, "covered_branches": 0, "missing_branches": 0, "percent_branches_covered": 100.0, "percent_branches_covered_display": "100.00"}, "missing_lines": [222, 223, 225, 238, 239], "excluded_lines": [], "executed_branches": [], "missing_branches": []}, "delete_blocklist_entry": {"executed_lines": [], "summary": {"covered_lines": 0, "num_statements": 9, "percent_covered": 0.0, "percent_covered_display": "0.00", "missing_lines": 9, "excluded_lines": 0, "percent_statements_covered": 0.0, "percent_statements_covered_display": "0.00", "num_branches": 2, "num_partial_branches": 0, "covered_branches": 0, "missing_branches": 2, "percent_branches_covered": 0.0, "percent_branches_covered_display": "0.00"}, "missing_lines": [253, 254, 256, 257, 259, 260, 261, 262, 263], "excluded_lines": [], "executed_branches": [], "missing_branches": [[256, 257], [256, 259]]}, "": {"executed_lines": [], "summary": {"covered_lines": 0, "num_statements": 36, "percent_covered": 0.0, "percent_covered_display": "0.00", "missing_lines": 36, "excluded_lines": 0, "percent_statements_covered": 0.0, "percent_statements_covered_display": "0.00", "num_branches": 0, "num_partial_branches": 0, "covered_branches": 0, "missing_branches": 0, "percent_branches_covered": 100.0, "percent_branches_covered_display": "100.00"}, "missing_lines": [3, 4, 5, 7, 8, 10, 11, 14, 17, 20, 21, 22, 23, 26, 29, 30, 31, 32, 33, 34, 37, 40, 41, 42, 45, 46, 114, 115, 146, 147, 174, 175, 212, 213, 242, 243], "excluded_lines": [], "executed_branches": [], "missing_branches": []}}, "classes": {"BlocklistEntryRequest": {"executed_lines": [], "summary": {"covered_lines": 0, "num_statements": 0, "percent_covered": 100.0, "percent_covered_display": "100.00", "missing_lines": 0, "excluded_lines": 0, "percent_statements_covered": 100.0, "percent_statements_covered_display": "100.00", "num_branches": 0, "num_partial_branches": 0, "covered_branches": 0, "missing_branches": 0, "percent_branches_covered": 100.0, "percent_branches_covered_display": "100.00"}, "missing_lines": [], "excluded_lines": [], "executed_branches": [], "missing_branches": []}, "BlocklistEntryResponse": {"executed_lines": [], "summary": {"covered_lines": 0, "num_statements": 0, "percent_covered": 100.0, "percent_covered_display": "100.00", "missing_lines": 0, "excluded_lines": 0, "percent_statements_covered": 100.0, "percent_statements_covered_display": "100.00", "num_branches": 0, "num_partial_branches": 0, "covered_branches": 0, "missing_branches": 0, "percent_branches_covered": 100.0, "percent_branches_covered_display": "100.00"}, "missing_lines": [], "excluded_lines": [], "executed_branches": [], "missing_branches": []}, "IndexStatsResponse": {"executed_lines": [], "summary": {"covered_lines": 0, "num_statements": 0, "percent_covered": 100.0, "percent_covered_display": "100.00", "missing_lines": 0, "excluded_lines": 0, "percent_statements_covered": 100.0, "percent_statements_covered_display": "100.00", "num_branches": 0, "num_partial_branches": 0, "covered_branches": 0, "missing_branches": 0, "percent_branches_covered": 100.0, "percent_branches_covered_display": "100.00"}, "missing_lines": [], "excluded_lines": [], "executed_branches": [], "missing_branches": []}, "": {"executed_lines": [], "summary": {"covered_lines": 0, "num_statements": 96, "percent_covered": 0.0, "percent_covered_display": "0.00", "missing_lines": 96, "excluded_lines": 2, "percent_statements_covered": 0.0, "percent_statements_covered_display": "0.00", "num_branches": 12, "num_partial_branches": 0, "covered_branches": 0, "missing_branches": 12, "percent_branches_covered": 0.0, "percent_branches_covered_display": "0.00"}, "missing_lines": [3, 4, 5, 7, 8, 10, 11, 14, 17, 20, 21, 22, 23, 26, 29, 30, 31, 32, 33, 34, 37, 40, 41, 42, 45, 46, 61, 62, 65, 66, 69, 70, 71, 72, 73, 74, 75, 78, 79, 80, 82, 84, 85, 86, 87, 93, 94, 95, 100, 114, 115, 128, 129, 130, 132, 140, 141, 142, 143, 146, 147, 156, 157, 158, 160, 168, 169, 170, 171, 174, 175, 188, 189, 191, 193, 200, 208, 209, 212, 213, 222, 223, 225, 238, 239, 242, 243, 253, 254, 256, 257, 259, 260, 261, 262, 263], "excluded_lines": [136, 164], "executed_branches": [], "missing_branches": [[61, 62], [61, 65], [70, 71], [70, 78], [85, 86], [85, 100], [129, 130], [129, 132], [157, 158], [157, 160], [256, 257], [256, 259]]}}}, "src/bloginator/web/routes/documents.py": {"executed_lines": [], "summary": {"covered_lines": 0, "num_statements": 97, "percent_covered": 0.0, "percent_covered_display": "0.00", "missing_lines": 97, "excluded_lines": 0, "percent_statements_covered": 0.0, "percent_statements_covered_display": "0.00", "num_branches": 8, "num_partial_branches": 0, "covered_branches": 0, "missing_branches": 8, "percent_branches_covered": 0.0, "percent_branches_covered_display": "0.00"}, "missing_lines": [3, 4, 6, 7, 9, 10, 11, 12, 13, 14, 15, 18, 21, 24, 25, 26, 29, 32, 33, 34, 35, 38, 41, 42, 43, 44, 45, 48, 51, 52, 53, 54, 55, 58, 61, 62, 63, 64, 67, 68, 77, 78, 79, 81, 82, 83, 88, 99, 100, 103, 104, 113, 114, 115, 117, 118, 119, 121, 127, 133, 136, 137, 143, 144, 153, 154, 155, 157, 158, 160, 161, 163, 164, 166, 174, 178, 181, 182, 188, 189, 198, 199, 200, 202, 203, 205, 206, 208, 209, 211, 216, 223, 226, 227, 233, 234, 251], "excluded_lines": [], "executed_branches": [], "missing_branches": [[78, 79], [78, 81], [114, 115], [114, 117], [154, 155], [154, 157], [199, 200], [199, 202]], "functions": {"search_corpus": {"executed_lines": [], "summary": {"covered_lines": 0, "num_statements": 9, "percent_covered": 0.0, "percent_covered_display": "0.00", "missing_lines": 9, "excluded_lines": 0, "percent_statements_covered": 0.0, "percent_statements_covered_display": "0.00", "num_branches": 2, "num_partial_branches": 0, "covered_branches": 0, "missing_branches": 2, "percent_branches_covered": 0.0, "percent_branches_covered_display": "0.00"}, "missing_lines": [77, 78, 79, 81, 82, 83, 88, 99, 100], "excluded_lines": [], "executed_branches": [], "missing_branches": [[78, 79], [78, 81]]}, "generate_outline": {"executed_lines": [], "summary": {"covered_lines": 0, "num_statements": 11, "percent_covered": 0.0, "percent_covered_display": "0.00", "missing_lines": 11, "excluded_lines": 0, "percent_statements_covered": 0.0, "percent_statements_covered_display": "0.00", "num_branches": 2, "num_partial_branches": 0, "covered_branches": 0, "missing_branches": 2, "percent_branches_covered": 0.0, "percent_branches_covered_display": "0.00"}, "missing_lines": [113, 114, 115, 117, 118, 119, 121, 127, 133, 136, 137], "excluded_lines": [], "executed_branches": [], "missing_branches": [[114, 115], [114, 117]]}, "generate_draft": {"executed_lines": [], "summary": {"covered_lines": 0, "num_statements": 14, "percent_covered": 0.0, "percent_covered_display": "0.00", "missing_lines": 14, "excluded_lines": 0, "percent_statements_covered": 0.0, "percent_statements_covered_display": "0.00", "num_branches": 2, "num_partial_branches": 0, "covered_branches": 0, "missing_branches": 2, "percent_branches_covered": 0.0, "percent_branches_covered_display": "0.00"}, "missing_lines": [153, 154, 155, 157, 158, 160, 161, 163, 164, 166, 174, 178, 181, 182], "excluded_lines": [], "executed_branches": [], "missing_branches": [[154, 155], [154, 157]]}, "refine_draft": {"executed_lines": [], "summary": {"covered_lines": 0, "num_statements": 14, "percent_covered": 0.0, "percent_covered_display": "0.00", "missing_lines": 14, "excluded_lines": 0, "percent_statements_covered": 0.0, "percent_statements_covered_display": "0.00", "num_branches": 2, "num_partial_branches": 0, "covered_branches": 0, "missing_branches": 2, "percent_branches_covered": 0.0, "percent_branches_covered_display": "0.00"}, "missing_lines": [198, 199, 200, 202, 203, 205, 206, 208, 209, 211, 216, 223, 226, 227], "excluded_lines": [], "executed_branches": [], "missing_branches": [[199, 200], [199, 202]]}, "export_draft": {"executed_lines": [], "summary": {"covered_lines": 0, "num_statements": 1, "percent_covered": 0.0, "percent_covered_display": "0.00", "missing_lines": 1, "excluded_lines": 0, "percent_statements_covered": 0.0, "percent_statements_covered_display": "0.00", "num_branches": 0, "num_partial_branches": 0, "covered_branches": 0, "missing_branches": 0, "percent_branches_covered": 100.0, "percent_branches_covered_display": "100.00"}, "missing_lines": [251], "excluded_lines": [], "executed_branches": [], "missing_branches": []}, "": {"executed_lines": [], "summary": {"covered_lines": 0, "num_statements": 48, "percent_covered": 0.0, "percent_covered_display": "0.00", "missing_lines": 48, "excluded_lines": 0, "percent_statements_covered": 0.0, "percent_statements_covered_display": "0.00", "num_branches": 0, "num_partial_branches": 0, "covered_branches": 0, "missing_branches": 0, "percent_branches_covered": 100.0, "percent_branches_covered_display": "100.00"}, "missing_lines": [3, 4, 6, 7, 9, 10, 11, 12, 13, 14, 15, 18, 21, 24, 25, 26, 29, 32, 33, 34, 35, 38, 41, 42, 43, 44, 45, 48, 51, 52, 53, 54, 55, 58, 61, 62, 63, 64, 67, 68, 103, 104, 143, 144, 188, 189, 233, 234], "excluded_lines": [], "executed_branches": [], "missing_branches": []}}, "classes": {"SearchRequest": {"executed_lines": [], "summary": {"covered_lines": 0, "num_statements": 0, "percent_covered": 100.0, "percent_covered_display": "100.00", "missing_lines": 0, "excluded_lines": 0, "percent_statements_covered": 100.0, "percent_statements_covered_display": "100.00", "num_branches": 0, "num_partial_branches": 0, "covered_branches": 0, "missing_branches": 0, "percent_branches_covered": 100.0, "percent_branches_covered_display": "100.00"}, "missing_lines": [], "excluded_lines": [], "executed_branches": [], "missing_branches": []}, "SearchResult": {"executed_lines": [], "summary": {"covered_lines": 0, "num_statements": 0, "percent_covered": 100.0, "percent_covered_display": "100.00", "missing_lines": 0, "excluded_lines": 0, "percent_statements_covered": 100.0, "percent_statements_covered_display": "100.00", "num_branches": 0, "num_partial_branches": 0, "covered_branches": 0, "missing_branches": 0, "percent_branches_covered": 100.0, "percent_branches_covered_display": "100.00"}, "missing_lines": [], "excluded_lines": [], "executed_branches": [], "missing_branches": []}, "OutlineRequest": {"executed_lines": [], "summary": {"covered_lines": 0, "num_statements": 0, "percent_covered": 100.0, "percent_covered_display": "100.00", "missing_lines": 0, "excluded_lines": 0, "percent_statements_covered": 100.0, "percent_statements_covered_display": "100.00", "num_branches": 0, "num_partial_branches": 0, "covered_branches": 0, "missing_branches": 0, "percent_branches_covered": 100.0, "percent_branches_covered_display": "100.00"}, "missing_lines": [], "excluded_lines": [], "executed_branches": [], "missing_branches": []}, "DraftRequest": {"executed_lines": [], "summary": {"covered_lines": 0, "num_statements": 0, "percent_covered": 100.0, "percent_covered_display": "100.00", "missing_lines": 0, "excluded_lines": 0, "percent_statements_covered": 100.0, "percent_statements_covered_display": "100.00", "num_branches": 0, "num_partial_branches": 0, "covered_branches": 0, "missing_branches": 0, "percent_branches_covered": 100.0, "percent_branches_covered_display": "100.00"}, "missing_lines": [], "excluded_lines": [], "executed_branches": [], "missing_branches": []}, "RefineRequest": {"executed_lines": [], "summary": {"covered_lines": 0, "num_statements": 0, "percent_covered": 100.0, "percent_covered_display": "100.00", "missing_lines": 0, "excluded_lines": 0, "percent_statements_covered": 100.0, "percent_statements_covered_display": "100.00", "num_branches": 0, "num_partial_branches": 0, "covered_branches": 0, "missing_branches": 0, "percent_branches_covered": 100.0, "percent_branches_covered_display": "100.00"}, "missing_lines": [], "excluded_lines": [], "executed_branches": [], "missing_branches": []}, "": {"executed_lines": [], "summary": {"covered_lines": 0, "num_statements": 97, "percent_covered": 0.0, "percent_covered_display": "0.00", "missing_lines": 97, "excluded_lines": 0, "percent_statements_covered": 0.0, "percent_statements_covered_display": "0.00", "num_branches": 8, "num_partial_branches": 0, "covered_branches": 0, "missing_branches": 8, "percent_branches_covered": 0.0, "percent_branches_covered_display": "0.00"}, "missing_lines": [3, 4, 6, 7, 9, 10, 11, 12, 13, 14, 15, 18, 21, 24, 25, 26, 29, 32, 33, 34, 35, 38, 41, 42, 43, 44, 45, 48, 51, 52, 53, 54, 55, 58, 61, 62, 63, 64, 67, 68, 77, 78, 79, 81, 82, 83, 88, 99, 100, 103, 104, 113, 114, 115, 117, 118, 119, 121, 127, 133, 136, 137, 143, 144, 153, 154, 155, 157, 158, 160, 161, 163, 164, 166, 174, 178, 181, 182, 188, 189, 198, 199, 200, 202, 203, 205, 206, 208, 209, 211, 216, 223, 226, 227, 233, 234, 251], "excluded_lines": [], "executed_branches": [], "missing_branches": [[78, 79], [78, 81], [114, 115], [114, 117], [154, 155], [154, 157], [199, 200], [199, 202]]}}}, "src/bloginator/web/routes/main.py": {"executed_lines": [], "summary": {"covered_lines": 0, "num_statements": 20, "percent_covered": 0.0, "percent_covered_display": "0.00", "missing_lines": 20, "excluded_lines": 2, "percent_statements_covered": 0.0, "percent_statements_covered_display": "0.00", "num_branches": 0, "num_partial_branches": 0, "covered_branches": 0, "missing_branches": 0, "percent_branches_covered": 100.0, "percent_branches_covered_display": "100.00"}, "missing_lines": [3, 5, 6, 12, 15, 16, 18, 19, 28, 29, 31, 32, 41, 42, 44, 45, 54, 55, 57, 58], "excluded_lines": [9, 10], "executed_branches": [], "missing_branches": [], "functions": {"index": {"executed_lines": [], "summary": {"covered_lines": 0, "num_statements": 2, "percent_covered": 0.0, "percent_covered_display": "0.00", "missing_lines": 2, "excluded_lines": 0, "percent_statements_covered": 0.0, "percent_statements_covered_display": "0.00", "num_branches": 0, "num_partial_branches": 0, "covered_branches": 0, "missing_branches": 0, "percent_branches_covered": 100.0, "percent_branches_covered_display": "100.00"}, "missing_lines": [18, 19], "excluded_lines": [], "executed_branches": [], "missing_branches": []}, "corpus_page": {"executed_lines": [], "summary": {"covered_lines": 0, "num_statements": 2, "percent_covered": 0.0, "percent_covered_display": "0.00", "missing_lines": 2, "excluded_lines": 0, "percent_statements_covered": 0.0, "percent_statements_covered_display": "0.00", "num_branches": 0, "num_partial_branches": 0, "covered_branches": 0, "missing_branches": 0, "percent_branches_covered": 100.0, "percent_branches_covered_display": "100.00"}, "missing_lines": [31, 32], "excluded_lines": [], "executed_branches": [], "missing_branches": []}, "create_page": {"executed_lines": [], "summary": {"covered_lines": 0, "num_statements": 2, "percent_covered": 0.0, "percent_covered_display": "0.00", "missing_lines": 2, "excluded_lines": 0, "percent_statements_covered": 0.0, "percent_statements_covered_display": "0.00", "num_branches": 0, "num_partial_branches": 0, "covered_branches": 0, "missing_branches": 0, "percent_branches_covered": 100.0, "percent_branches_covered_display": "100.00"}, "missing_lines": [44, 45], "excluded_lines": [], "executed_branches": [], "missing_branches": []}, "search_page": {"executed_lines": [], "summary": {"covered_lines": 0, "num_statements": 2, "percent_covered": 0.0, "percent_covered_display": "0.00", "missing_lines": 2, "excluded_lines": 0, "percent_statements_covered": 0.0, "percent_statements_covered_display": "0.00", "num_branches": 0, "num_partial_branches": 0, "covered_branches": 0, "missing_branches": 0, "percent_branches_covered": 100.0, "percent_branches_covered_display": "100.00"}, "missing_lines": [57, 58], "excluded_lines": [], "executed_branches": [], "missing_branches": []}, "": {"executed_lines": [], "summary": {"covered_lines": 0, "num_statements": 12, "percent_covered": 0.0, "percent_covered_display": "0.00", "missing_lines": 12, "excluded_lines": 2, "percent_statements_covered": 0.0, "percent_statements_covered_display": "0.00", "num_branches": 0, "num_partial_branches": 0, "covered_branches": 0, "missing_branches": 0, "percent_branches_covered": 100.0, "percent_branches_covered_display": "100.00"}, "missing_lines": [3, 5, 6, 12, 15, 16, 28, 29, 41, 42, 54, 55], "excluded_lines": [9, 10], "executed_branches": [], "missing_branches": []}}, "classes": {"": {"executed_lines": [], "summary": {"covered_lines": 0, "num_statements": 20, "percent_covered": 0.0, "percent_covered_display": "0.00", "missing_lines": 20, "excluded_lines": 2, "percent_statements_covered": 0.0, "percent_statements_covered_display": "0.00", "num_branches": 0, "num_partial_branches": 0, "covered_branches": 0, "missing_branches": 0, "percent_branches_covered": 100.0, "percent_branches_covered_display": "100.00"}, "missing_lines": [3, 5, 6, 12, 15, 16, 18, 19, 28, 29, 31, 32, 41, 42, 44, 45, 54, 55, 57, 58], "excluded_lines": [9, 10], "executed_branches": [], "missing_branches": []}}}}, "totals": {"covered_lines": 2777, "num_statements": 5213, "percent_covered": 50.79145535577071, "percent_covered_display": "50.79", "missing_lines": 2436, "excluded_lines": 89, "percent_statements_covered": 53.27066948014579, "percent_statements_covered_display": "53.27", "num_branches": 1294, "num_partial_branches": 104, "covered_branches": 528, "missing_branches": 766, "percent_branches_covered": 40.80370942812983, "percent_branches_covered_display": "40.80"}}
